;  LST file generated by mikroListExporter - v.2.0 
; Date/Time: 4/28/2022 11:17:31 AM
;----------------------------------------------

;Address Opcode 	ASM
0x0000	0x2BFB      	GOTO       1019
_interrupt:
0x0004	0x00FF      	MOVWF      R15
0x0005	0x0E03      	SWAPF      STATUS, 0
0x0006	0x0183      	CLRF       STATUS
0x0007	0x1683      	BSF        STATUS, 5
0x0008	0x00C9      	MOVWF      ___saveSTATUS
0x0009	0x080A      	MOVF       PCLATH, 0
0x000A	0x00C7      	MOVWF      ___savePCLATH
0x000B	0x018A      	CLRF       PCLATH
0x000C	0x0870      	MOVF       R0, 0
0x000D	0x1283      	BCF        STATUS, 5
0x000E	0x00A4      	MOVWF      36
0x000F	0x087B      	MOVF       R11, 0
0x0010	0x00A3      	MOVWF      35
0x0011	0x087C      	MOVF       R12, 0
0x0012	0x00A2      	MOVWF      34
0x0013	0x087D      	MOVF       R13, 0
0x0014	0x00A1      	MOVWF      33
;MyProject.c,39 :: 		void interrupt(){
;MyProject.c,40 :: 		if(intcon.INTF) {
0x0015	0x1C8B      	BTFSS      INTCON, 1
0x0016	0x2819      	GOTO       L_interrupt5
;MyProject.c,41 :: 		porta.ra1=0;
0x0017	0x1085      	BCF        PORTA, 1
;MyProject.c,42 :: 		clignoter();
0x0018	0x23CE      	CALL       _clignoter
;MyProject.c,44 :: 		}            intcon.INTF=0;
L_interrupt5:
0x0019	0x108B      	BCF        INTCON, 1
;MyProject.c,46 :: 		if(intcon.rbif) {
0x001A	0x1C0B      	BTFSS      INTCON, 0
0x001B	0x285A      	GOTO       L_interrupt6
;MyProject.c,47 :: 		if (portb.rb5==1){
0x001C	0x1E86      	BTFSS      PORTB, 5
0x001D	0x282F      	GOTO       L_interrupt7
;MyProject.c,48 :: 		portb.rb6=1;
0x001E	0x1706      	BSF        PORTB, 6
;MyProject.c,49 :: 		portb.rb7=0;
0x001F	0x1386      	BCF        PORTB, 7
;MyProject.c,50 :: 		delay_ms(1000);
0x0020	0x3006      	MOVLW      6
0x0021	0x00FB      	MOVWF      R11
0x0022	0x3013      	MOVLW      19
0x0023	0x00FC      	MOVWF      R12
0x0024	0x30AD      	MOVLW      173
0x0025	0x00FD      	MOVWF      R13
L_interrupt8:
0x0026	0x0BFD      	DECFSZ     R13, 1
0x0027	0x2826      	GOTO       L_interrupt8
0x0028	0x0BFC      	DECFSZ     R12, 1
0x0029	0x2826      	GOTO       L_interrupt8
0x002A	0x0BFB      	DECFSZ     R11, 1
0x002B	0x2826      	GOTO       L_interrupt8
0x002C	0x0000      	NOP
0x002D	0x0000      	NOP
;MyProject.c,51 :: 		}else{
0x002E	0x283B      	GOTO       L_interrupt9
L_interrupt7:
;MyProject.c,52 :: 		portb.rb6=0;
0x002F	0x1306      	BCF        PORTB, 6
;MyProject.c,53 :: 		portb.rb7=0;
0x0030	0x1386      	BCF        PORTB, 7
;MyProject.c,54 :: 		delay_ms(100);
0x0031	0x3082      	MOVLW      130
0x0032	0x00FC      	MOVWF      R12
0x0033	0x30DD      	MOVLW      221
0x0034	0x00FD      	MOVWF      R13
L_interrupt10:
0x0035	0x0BFD      	DECFSZ     R13, 1
0x0036	0x2835      	GOTO       L_interrupt10
0x0037	0x0BFC      	DECFSZ     R12, 1
0x0038	0x2835      	GOTO       L_interrupt10
0x0039	0x0000      	NOP
0x003A	0x0000      	NOP
;MyProject.c,55 :: 		}
L_interrupt9:
;MyProject.c,56 :: 		if (portb.rb4==1){
0x003B	0x1E06      	BTFSS      PORTB, 4
0x003C	0x284E      	GOTO       L_interrupt11
;MyProject.c,57 :: 		portb.rb6=0;
0x003D	0x1306      	BCF        PORTB, 6
;MyProject.c,58 :: 		portb.rb7=1;
0x003E	0x1786      	BSF        PORTB, 7
;MyProject.c,59 :: 		delay_ms(1000);
0x003F	0x3006      	MOVLW      6
0x0040	0x00FB      	MOVWF      R11
0x0041	0x3013      	MOVLW      19
0x0042	0x00FC      	MOVWF      R12
0x0043	0x30AD      	MOVLW      173
0x0044	0x00FD      	MOVWF      R13
L_interrupt12:
0x0045	0x0BFD      	DECFSZ     R13, 1
0x0046	0x2845      	GOTO       L_interrupt12
0x0047	0x0BFC      	DECFSZ     R12, 1
0x0048	0x2845      	GOTO       L_interrupt12
0x0049	0x0BFB      	DECFSZ     R11, 1
0x004A	0x2845      	GOTO       L_interrupt12
0x004B	0x0000      	NOP
0x004C	0x0000      	NOP
;MyProject.c,60 :: 		}else{
0x004D	0x285A      	GOTO       L_interrupt13
L_interrupt11:
;MyProject.c,61 :: 		portb.rb6=0;
0x004E	0x1306      	BCF        PORTB, 6
;MyProject.c,62 :: 		portb.rb7=0;
0x004F	0x1386      	BCF        PORTB, 7
;MyProject.c,63 :: 		delay_ms(100);
0x0050	0x3082      	MOVLW      130
0x0051	0x00FC      	MOVWF      R12
0x0052	0x30DD      	MOVLW      221
0x0053	0x00FD      	MOVWF      R13
L_interrupt14:
0x0054	0x0BFD      	DECFSZ     R13, 1
0x0055	0x2854      	GOTO       L_interrupt14
0x0056	0x0BFC      	DECFSZ     R12, 1
0x0057	0x2854      	GOTO       L_interrupt14
0x0058	0x0000      	NOP
0x0059	0x0000      	NOP
;MyProject.c,64 :: 		}
L_interrupt13:
;MyProject.c,66 :: 		}intcon.rbif=0;
L_interrupt6:
0x005A	0x100B      	BCF        INTCON, 0
;MyProject.c,67 :: 		if (intcon.T0IF){
0x005B	0x1D0B      	BTFSS      INTCON, 2
0x005C	0x2875      	GOTO       L_interrupt15
;MyProject.c,68 :: 		NB--;
0x005D	0x3001      	MOVLW      1
0x005E	0x1683      	BSF        STATUS, 5
0x005F	0x02C1      	SUBWF      _NB, 1
0x0060	0x1C03      	BTFSS      STATUS, 0
0x0061	0x03C2      	DECF       _NB+1, 1
;MyProject.c,69 :: 		if (NB==0){
0x0062	0x3000      	MOVLW      0
0x0063	0x0642      	XORWF      _NB+1, 0
0x0064	0x1D03      	BTFSS      STATUS, 2
0x0065	0x2868      	GOTO       L__interrupt41
0x0066	0x3000      	MOVLW      0
0x0067	0x0641      	XORWF      _NB, 0
L__interrupt41:
0x0068	0x1D03      	BTFSS      STATUS, 2
0x0069	0x2874      	GOTO       L_interrupt16
;MyProject.c,71 :: 		portc.rc0=~portc.rc0;
0x006A	0x3001      	MOVLW      1
0x006B	0x1283      	BCF        STATUS, 5
0x006C	0x0687      	XORWF      PORTC, 1
;MyProject.c,75 :: 		NB=30;
0x006D	0x301E      	MOVLW      30
0x006E	0x1683      	BSF        STATUS, 5
0x006F	0x00C1      	MOVWF      _NB
0x0070	0x3000      	MOVLW      0
0x0071	0x00C2      	MOVWF      _NB+1
;MyProject.c,76 :: 		TMR0=0;
0x0072	0x1283      	BCF        STATUS, 5
0x0073	0x0181      	CLRF       TMR0
;MyProject.c,77 :: 		}
L_interrupt16:
;MyProject.c,79 :: 		intcon.T0IF=0;
0x0074	0x110B      	BCF        INTCON, 2
;MyProject.c,80 :: 		}
L_interrupt15:
;MyProject.c,83 :: 		}
L_end_interrupt:
L__interrupt40:
0x0075	0x1283      	BCF        STATUS, 5
0x0076	0x0824      	MOVF       36, 0
0x0077	0x00F0      	MOVWF      R0
0x0078	0x0823      	MOVF       35, 0
0x0079	0x00FB      	MOVWF      R11
0x007A	0x0822      	MOVF       34, 0
0x007B	0x00FC      	MOVWF      R12
0x007C	0x0821      	MOVF       33, 0
0x007D	0x00FD      	MOVWF      R13
0x007E	0x1683      	BSF        STATUS, 5
0x007F	0x0847      	MOVF       ___savePCLATH, 0
0x0080	0x008A      	MOVWF      PCLATH
0x0081	0x0E49      	SWAPF      ___saveSTATUS, 0
0x0082	0x0083      	MOVWF      STATUS
0x0083	0x0EFF      	SWAPF      R15, 1
0x0084	0x0E7F      	SWAPF      R15, 0
0x0085	0x0009      	RETFIE
; end of _interrupt
_Delay_50us:
;__Lib_Delays.c,19 :: 		void Delay_50us() {
;__Lib_Delays.c,20 :: 		Delay_us(50);
0x0086	0x3010      	MOVLW      16
0x0087	0x1283      	BCF        STATUS, 5
0x0088	0x1303      	BCF        STATUS, 6
0x0089	0x00FD      	MOVWF      R13
L_Delay_50us2:
0x008A	0x0BFD      	DECFSZ     R13, 1
0x008B	0x288A      	GOTO       L_Delay_50us2
0x008C	0x0000      	NOP
;__Lib_Delays.c,21 :: 		}
L_end_Delay_50us:
0x008D	0x0008      	RETURN
; end of _Delay_50us
_Delay_5500us:
;__Lib_Delays.c,31 :: 		void Delay_5500us() {
;__Lib_Delays.c,32 :: 		Delay_us(5500);
0x008E	0x3008      	MOVLW      8
0x008F	0x1283      	BCF        STATUS, 5
0x0090	0x1303      	BCF        STATUS, 6
0x0091	0x00FC      	MOVWF      R12
0x0092	0x3023      	MOVLW      35
0x0093	0x00FD      	MOVWF      R13
L_Delay_5500us5:
0x0094	0x0BFD      	DECFSZ     R13, 1
0x0095	0x2894      	GOTO       L_Delay_5500us5
0x0096	0x0BFC      	DECFSZ     R12, 1
0x0097	0x2894      	GOTO       L_Delay_5500us5
;__Lib_Delays.c,33 :: 		}
L_end_Delay_5500us:
0x0098	0x0008      	RETURN
; end of _Delay_5500us
_Delay_1us:
;__Lib_Delays.c,7 :: 		void Delay_1us() {
;__Lib_Delays.c,8 :: 		Delay_us(1);
0x0099	0x0000      	NOP
;__Lib_Delays.c,9 :: 		}
L_end_Delay_1us:
0x009A	0x0008      	RETURN
; end of _Delay_1us
_Lcd_Cmd:
;__Lib_Lcd.c,18 :: 		
;__Lib_Lcd.c,20 :: 		
0x009B	0x1683      	BSF        STATUS, 5
0x009C	0x1303      	BCF        STATUS, 6
0x009D	0x1BD1      	BTFSC      FARG_Lcd_Cmd_out_char, 7
0x009E	0x28A2      	GOTO       L__Lcd_Cmd21
0x009F	0x1283      	BCF        STATUS, 5
0x00A0	0x1188      	BCF        LCD_D7, BitPos(LCD_D7+0)
0x00A1	0x28A4      	GOTO       L__Lcd_Cmd22
L__Lcd_Cmd21:
0x00A2	0x1283      	BCF        STATUS, 5
0x00A3	0x1588      	BSF        LCD_D7, BitPos(LCD_D7+0)
L__Lcd_Cmd22:
;__Lib_Lcd.c,21 :: 		
0x00A4	0x1683      	BSF        STATUS, 5
0x00A5	0x1B51      	BTFSC      FARG_Lcd_Cmd_out_char, 6
0x00A6	0x28AA      	GOTO       L__Lcd_Cmd23
0x00A7	0x1283      	BCF        STATUS, 5
0x00A8	0x1108      	BCF        LCD_D6, BitPos(LCD_D6+0)
0x00A9	0x28AC      	GOTO       L__Lcd_Cmd24
L__Lcd_Cmd23:
0x00AA	0x1283      	BCF        STATUS, 5
0x00AB	0x1508      	BSF        LCD_D6, BitPos(LCD_D6+0)
L__Lcd_Cmd24:
;__Lib_Lcd.c,22 :: 		
0x00AC	0x1683      	BSF        STATUS, 5
0x00AD	0x1AD1      	BTFSC      FARG_Lcd_Cmd_out_char, 5
0x00AE	0x28B2      	GOTO       L__Lcd_Cmd25
0x00AF	0x1283      	BCF        STATUS, 5
0x00B0	0x1088      	BCF        LCD_D5, BitPos(LCD_D5+0)
0x00B1	0x28B4      	GOTO       L__Lcd_Cmd26
L__Lcd_Cmd25:
0x00B2	0x1283      	BCF        STATUS, 5
0x00B3	0x1488      	BSF        LCD_D5, BitPos(LCD_D5+0)
L__Lcd_Cmd26:
;__Lib_Lcd.c,23 :: 		
0x00B4	0x1683      	BSF        STATUS, 5
0x00B5	0x1A51      	BTFSC      FARG_Lcd_Cmd_out_char, 4
0x00B6	0x28BA      	GOTO       L__Lcd_Cmd27
0x00B7	0x1283      	BCF        STATUS, 5
0x00B8	0x1008      	BCF        LCD_D4, BitPos(LCD_D4+0)
0x00B9	0x28BC      	GOTO       L__Lcd_Cmd28
L__Lcd_Cmd27:
0x00BA	0x1283      	BCF        STATUS, 5
0x00BB	0x1408      	BSF        LCD_D4, BitPos(LCD_D4+0)
L__Lcd_Cmd28:
;__Lib_Lcd.c,25 :: 		
0x00BC	0x186F      	BTFSC      __Lib_Lcd_cmd_status, BitPos(__Lib_Lcd_cmd_status+0)
0x00BD	0x28C0      	GOTO       L__Lcd_Cmd29
0x00BE	0x1608      	BSF        LCD_RS, BitPos(LCD_RS+0)
0x00BF	0x28C1      	GOTO       L__Lcd_Cmd30
L__Lcd_Cmd29:
0x00C0	0x1208      	BCF        LCD_RS, BitPos(LCD_RS+0)
L__Lcd_Cmd30:
;__Lib_Lcd.c,28 :: 		
0x00C1	0x1688      	BSF        LCD_EN, BitPos(LCD_EN+0)
;__Lib_Lcd.c,29 :: 		
0x00C2	0x2099      	CALL       _Delay_1us
;__Lib_Lcd.c,30 :: 		
0x00C3	0x1288      	BCF        LCD_EN, BitPos(LCD_EN+0)
;__Lib_Lcd.c,33 :: 		
0x00C4	0x1683      	BSF        STATUS, 5
0x00C5	0x19D1      	BTFSC      FARG_Lcd_Cmd_out_char, 3
0x00C6	0x28CA      	GOTO       L__Lcd_Cmd31
0x00C7	0x1283      	BCF        STATUS, 5
0x00C8	0x1188      	BCF        LCD_D7, BitPos(LCD_D7+0)
0x00C9	0x28CC      	GOTO       L__Lcd_Cmd32
L__Lcd_Cmd31:
0x00CA	0x1283      	BCF        STATUS, 5
0x00CB	0x1588      	BSF        LCD_D7, BitPos(LCD_D7+0)
L__Lcd_Cmd32:
;__Lib_Lcd.c,34 :: 		
0x00CC	0x1683      	BSF        STATUS, 5
0x00CD	0x1951      	BTFSC      FARG_Lcd_Cmd_out_char, 2
0x00CE	0x28D2      	GOTO       L__Lcd_Cmd33
0x00CF	0x1283      	BCF        STATUS, 5
0x00D0	0x1108      	BCF        LCD_D6, BitPos(LCD_D6+0)
0x00D1	0x28D4      	GOTO       L__Lcd_Cmd34
L__Lcd_Cmd33:
0x00D2	0x1283      	BCF        STATUS, 5
0x00D3	0x1508      	BSF        LCD_D6, BitPos(LCD_D6+0)
L__Lcd_Cmd34:
;__Lib_Lcd.c,35 :: 		
0x00D4	0x1683      	BSF        STATUS, 5
0x00D5	0x18D1      	BTFSC      FARG_Lcd_Cmd_out_char, 1
0x00D6	0x28DA      	GOTO       L__Lcd_Cmd35
0x00D7	0x1283      	BCF        STATUS, 5
0x00D8	0x1088      	BCF        LCD_D5, BitPos(LCD_D5+0)
0x00D9	0x28DC      	GOTO       L__Lcd_Cmd36
L__Lcd_Cmd35:
0x00DA	0x1283      	BCF        STATUS, 5
0x00DB	0x1488      	BSF        LCD_D5, BitPos(LCD_D5+0)
L__Lcd_Cmd36:
;__Lib_Lcd.c,36 :: 		
0x00DC	0x1683      	BSF        STATUS, 5
0x00DD	0x1851      	BTFSC      FARG_Lcd_Cmd_out_char, 0
0x00DE	0x28E2      	GOTO       L__Lcd_Cmd37
0x00DF	0x1283      	BCF        STATUS, 5
0x00E0	0x1008      	BCF        LCD_D4, BitPos(LCD_D4+0)
0x00E1	0x28E4      	GOTO       L__Lcd_Cmd38
L__Lcd_Cmd37:
0x00E2	0x1283      	BCF        STATUS, 5
0x00E3	0x1408      	BSF        LCD_D4, BitPos(LCD_D4+0)
L__Lcd_Cmd38:
;__Lib_Lcd.c,38 :: 		
0x00E4	0x186F      	BTFSC      __Lib_Lcd_cmd_status, BitPos(__Lib_Lcd_cmd_status+0)
0x00E5	0x28E8      	GOTO       L__Lcd_Cmd39
0x00E6	0x1608      	BSF        LCD_RS, BitPos(LCD_RS+0)
0x00E7	0x28E9      	GOTO       L__Lcd_Cmd40
L__Lcd_Cmd39:
0x00E8	0x1208      	BCF        LCD_RS, BitPos(LCD_RS+0)
L__Lcd_Cmd40:
;__Lib_Lcd.c,40 :: 		
0x00E9	0x1688      	BSF        LCD_EN, BitPos(LCD_EN+0)
;__Lib_Lcd.c,41 :: 		
0x00EA	0x2099      	CALL       _Delay_1us
;__Lib_Lcd.c,42 :: 		
0x00EB	0x1288      	BCF        LCD_EN, BitPos(LCD_EN+0)
;__Lib_Lcd.c,44 :: 		
0x00EC	0x1C6F      	BTFSS      __Lib_Lcd_cmd_status, BitPos(__Lib_Lcd_cmd_status+0)
0x00ED	0x28F0      	GOTO       L_Lcd_Cmd0
;__Lib_Lcd.c,45 :: 		
0x00EE	0x208E      	CALL       _Delay_5500us
0x00EF	0x28F1      	GOTO       L_Lcd_Cmd1
L_Lcd_Cmd0:
;__Lib_Lcd.c,47 :: 		
0x00F0	0x2086      	CALL       _Delay_50us
L_Lcd_Cmd1:
;__Lib_Lcd.c,48 :: 		
L_end_Lcd_Cmd:
0x00F1	0x0008      	RETURN
; end of _Lcd_Cmd
_RES032:
;__Lib_MathDouble.c,123 :: 		
;__Lib_MathDouble.c,128 :: 		
0x00F2	0x01F2      	CLRF       R2
;__Lib_MathDouble.c,129 :: 		
0x00F3	0x01F1      	CLRF       R1
;__Lib_MathDouble.c,130 :: 		
0x00F4	0x01F0      	CLRF       R0
;__Lib_MathDouble.c,131 :: 		
0x00F5	0x01F8      	CLRF       R8
;__Lib_MathDouble.c,132 :: 		
0x00F6	0x01F3      	CLRF       R3
;__Lib_MathDouble.c,133 :: 		
0x00F7	0x3000      	MOVLW      0
;__Lib_MathDouble.c,135 :: 		
L_end_RES032:
0x00F8	0x0008      	RETURN
; end of _RES032
_SETFUN32:
;__Lib_MathDouble.c,138 :: 		
;__Lib_MathDouble.c,145 :: 		
0x00F9	0x157B      	BSF        R11, 2
;__Lib_MathDouble.c,146 :: 		
0x00FA	0x1FFB      	BTFSS      R11, 7
;__Lib_MathDouble.c,147 :: 		
0x00FB	0x2903      	GOTO       SETFUN32EEE
;__Lib_MathDouble.c,148 :: 		
0x00FC	0x3001      	MOVLW      1
;__Lib_MathDouble.c,149 :: 		
0x00FD	0x00F3      	MOVWF      R3
;__Lib_MathDouble.c,150 :: 		
0x00FE	0x01F2      	CLRF       R2
;__Lib_MathDouble.c,151 :: 		
0x00FF	0x01F1      	CLRF       R1
;__Lib_MathDouble.c,152 :: 		
0x0100	0x01F0      	CLRF       R0
;__Lib_MathDouble.c,153 :: 		
0x0101	0x0DFA      	RLF        R10, 1
;__Lib_MathDouble.c,154 :: 		
0x0102	0x0CF2      	RRF        R2, 1
;__Lib_MathDouble.c,155 :: 		
SETFUN32EEE:
;__Lib_MathDouble.c,156 :: 		
0x0103	0x30FF      	MOVLW      255
;__Lib_MathDouble.c,158 :: 		
L_end_SETFUN32:
0x0104	0x0008      	RETURN
; end of _SETFUN32
_FIXSIGN32:
;__Lib_MathDouble.c,112 :: 		
;__Lib_MathDouble.c,116 :: 		
0x0105	0x1FFA      	BTFSS      R10, 7
;__Lib_MathDouble.c,117 :: 		
0x0106	0x13F2      	BCF        R2, 7
;__Lib_MathDouble.c,118 :: 		
0x0107	0x3000      	MOVLW      0
;__Lib_MathDouble.c,120 :: 		
L_end_FIXSIGN32:
0x0108	0x0008      	RETURN
; end of _FIXSIGN32
_Div_16x16_S_L:
;__Lib_Math.c,420 :: 		
;__Lib_Math.c,426 :: 		
0x0109	0x0D71      	RLF        R1, 0
;__Lib_Math.c,427 :: 		
0x010A	0x0DF8      	RLF        R8, 1
;__Lib_Math.c,428 :: 		
0x010B	0x0DF9      	RLF        R9, 1
;__Lib_Math.c,429 :: 		
0x010C	0x0874      	MOVF       R4, 0
;__Lib_Math.c,430 :: 		
0x010D	0x02F8      	SUBWF      R8, 1
;__Lib_Math.c,431 :: 		
0x010E	0x0875      	MOVF       R5, 0
;__Lib_Math.c,432 :: 		
0x010F	0x1C03      	BTFSS      STATUS, 0
;__Lib_Math.c,433 :: 		
0x0110	0x0F75      	INCFSZ     R5, 0
;__Lib_Math.c,434 :: 		
0x0111	0x02F9      	SUBWF      R9, 1
;__Lib_Math.c,435 :: 		
0x0112	0x0DF0      	RLF        R0, 1
;__Lib_Math.c,436 :: 		
0x0113	0x0DF1      	RLF        R1, 1
;__Lib_Math.c,438 :: 		
0x0114	0x300F      	MOVLW      15
;__Lib_Math.c,439 :: 		
0x0115	0x00FC      	MOVWF      R12
;__Lib_Math.c,441 :: 		
0x0116	0x0D71      	RLF        R1, 0
;__Lib_Math.c,442 :: 		
0x0117	0x0DF8      	RLF        R8, 1
;__Lib_Math.c,443 :: 		
0x0118	0x0DF9      	RLF        R9, 1
;__Lib_Math.c,444 :: 		
0x0119	0x0874      	MOVF       R4, 0
;__Lib_Math.c,446 :: 		
0x011A	0x1C70      	BTFSS      R0, 0
;__Lib_Math.c,447 :: 		
0x011B	0x2922      	GOTO       $+7
;__Lib_Math.c,448 :: 		
0x011C	0x02F8      	SUBWF      R8, 1
;__Lib_Math.c,449 :: 		
0x011D	0x0875      	MOVF       R5, 0
;__Lib_Math.c,450 :: 		
0x011E	0x1C03      	BTFSS      STATUS, 0
;__Lib_Math.c,451 :: 		
0x011F	0x0F75      	INCFSZ     R5, 0
;__Lib_Math.c,452 :: 		
0x0120	0x02F9      	SUBWF      R9, 1
;__Lib_Math.c,453 :: 		
0x0121	0x2927      	GOTO       $+6
;__Lib_Math.c,455 :: 		
0x0122	0x07F8      	ADDWF      R8, 1
;__Lib_Math.c,456 :: 		
0x0123	0x0875      	MOVF       R5, 0
;__Lib_Math.c,457 :: 		
0x0124	0x1803      	BTFSC      STATUS, 0
;__Lib_Math.c,458 :: 		
0x0125	0x0F75      	INCFSZ     R5, 0
;__Lib_Math.c,459 :: 		
0x0126	0x07F9      	ADDWF      R9, 1
;__Lib_Math.c,461 :: 		
0x0127	0x0DF0      	RLF        R0, 1
;__Lib_Math.c,462 :: 		
0x0128	0x0DF1      	RLF        R1, 1
;__Lib_Math.c,464 :: 		
0x0129	0x0BFC      	DECFSZ     R12, 1
;__Lib_Math.c,465 :: 		
0x012A	0x2916      	GOTO       $-20
;__Lib_Math.c,467 :: 		
0x012B	0x1870      	BTFSC      R0, 0
;__Lib_Math.c,468 :: 		
0x012C	0x2933      	GOTO       $+7
;__Lib_Math.c,469 :: 		
0x012D	0x0874      	MOVF       R4, 0
;__Lib_Math.c,470 :: 		
0x012E	0x07F8      	ADDWF      R8, 1
;__Lib_Math.c,471 :: 		
0x012F	0x0875      	MOVF       R5, 0
;__Lib_Math.c,472 :: 		
0x0130	0x1803      	BTFSC      STATUS, 0
;__Lib_Math.c,473 :: 		
0x0131	0x0F75      	INCFSZ     R5, 0
;__Lib_Math.c,474 :: 		
0x0132	0x07F9      	ADDWF      R9, 1
;__Lib_Math.c,475 :: 		
0x0133	0x0000      	NOP
;__Lib_Math.c,477 :: 		
L_end_Div_16x16_S_L:
0x0134	0x0008      	RETURN
; end of _Div_16x16_S_L
_____DoICP:
;__Lib_System.c,6 :: 		
;__Lib_System.c,9 :: 		
0x0135	0x1283      	BCF        STATUS, 5
0x0136	0x1303      	BCF        STATUS, 6
0x0137	0x086E      	MOVF       ___DoICPAddr+1, 0
0x0138	0x008A      	MOVWF      PCLATH
;__Lib_System.c,10 :: 		
0x0139	0x086D      	MOVF       ___DoICPAddr, 0
0x013A	0x0082      	MOVWF      PCL
;__Lib_System.c,12 :: 		
L_end_____DoICP:
0x013B	0x0008      	RETURN
; end of _____DoICP
_Delay_22us:
;__Lib_Delays.c,15 :: 		void Delay_22us() {
;__Lib_Delays.c,16 :: 		Delay_us(22);
0x013C	0x3007      	MOVLW      7
0x013D	0x1283      	BCF        STATUS, 5
0x013E	0x1303      	BCF        STATUS, 6
0x013F	0x00FD      	MOVWF      R13
L_Delay_22us1:
0x0140	0x0BFD      	DECFSZ     R13, 1
0x0141	0x2940      	GOTO       L_Delay_22us1
;__Lib_Delays.c,17 :: 		}
L_end_Delay_22us:
0x0142	0x0008      	RETURN
; end of _Delay_22us
_SETFOV32:
;__Lib_MathDouble.c,79 :: 		
;__Lib_MathDouble.c,86 :: 		
0x0143	0x14FB      	BSF        R11, 1
;__Lib_MathDouble.c,87 :: 		
0x0144	0x1FFB      	BTFSS      R11, 7
;__Lib_MathDouble.c,88 :: 		
0x0145	0x294D      	GOTO       SETFOV32EEE
;__Lib_MathDouble.c,89 :: 		
0x0146	0x30FF      	MOVLW      255
;__Lib_MathDouble.c,90 :: 		
0x0147	0x00F3      	MOVWF      R3
;__Lib_MathDouble.c,91 :: 		
0x0148	0x00F2      	MOVWF      R2
;__Lib_MathDouble.c,92 :: 		
0x0149	0x00F1      	MOVWF      R1
;__Lib_MathDouble.c,93 :: 		
0x014A	0x00F0      	MOVWF      R0
;__Lib_MathDouble.c,94 :: 		
0x014B	0x0DFA      	RLF        R10, 1
;__Lib_MathDouble.c,95 :: 		
0x014C	0x0CF2      	RRF        R2, 1
;__Lib_MathDouble.c,96 :: 		
SETFOV32EEE:
;__Lib_MathDouble.c,97 :: 		
0x014D	0x30FF      	MOVLW      255
;__Lib_MathDouble.c,99 :: 		
L_end_SETFOV32:
0x014E	0x0008      	RETURN
; end of _SETFOV32
_NRM3232:
;__Lib_MathDouble.c,167 :: 		
;__Lib_MathDouble.c,173 :: 		
;__Lib_MathDouble.c,175 :: 		
0x014F	0x01A0      	CLRF       __math_tempbD
;__Lib_MathDouble.c,176 :: 		
0x0150	0x0872      	MOVF       R2, 0
;__Lib_MathDouble.c,177 :: 		
0x0151	0x1D03      	BTFSS      STATUS, 2
;__Lib_MathDouble.c,178 :: 		
0x0152	0x2964      	GOTO       NORM3232
;__Lib_MathDouble.c,179 :: 		
0x0153	0x0871      	MOVF       R1, 0
;__Lib_MathDouble.c,180 :: 		
0x0154	0x00F2      	MOVWF      R2
;__Lib_MathDouble.c,181 :: 		
0x0155	0x0870      	MOVF       R0, 0
;__Lib_MathDouble.c,182 :: 		
0x0156	0x00F1      	MOVWF      R1
;__Lib_MathDouble.c,183 :: 		
0x0157	0x01F0      	CLRF       R0
;__Lib_MathDouble.c,184 :: 		
0x0158	0x15A0      	BSF        __math_tempbD, 3
;__Lib_MathDouble.c,186 :: 		
0x0159	0x0872      	MOVF       R2, 0
;__Lib_MathDouble.c,187 :: 		
0x015A	0x1D03      	BTFSS      STATUS, 2
;__Lib_MathDouble.c,188 :: 		
0x015B	0x2964      	GOTO       NORM3232
;__Lib_MathDouble.c,189 :: 		
0x015C	0x0871      	MOVF       R1, 0
;__Lib_MathDouble.c,190 :: 		
0x015D	0x00F2      	MOVWF      R2
;__Lib_MathDouble.c,191 :: 		
0x015E	0x01F1      	CLRF       R1
;__Lib_MathDouble.c,192 :: 		
0x015F	0x11A0      	BCF        __math_tempbD, 3
;__Lib_MathDouble.c,193 :: 		
0x0160	0x1620      	BSF        __math_tempbD, 4
;__Lib_MathDouble.c,195 :: 		
0x0161	0x0872      	MOVF       R2, 0
;__Lib_MathDouble.c,196 :: 		
0x0162	0x1903      	BTFSC      STATUS, 2
;__Lib_MathDouble.c,197 :: 		
0x0163	0x2972      	GOTO       JPNRES032
;__Lib_MathDouble.c,198 :: 		
NORM3232:
;__Lib_MathDouble.c,199 :: 		
0x0164	0x0820      	MOVF       __math_tempbD, 0
;__Lib_MathDouble.c,200 :: 		
0x0165	0x02F3      	SUBWF      R3, 1
;__Lib_MathDouble.c,201 :: 		
0x0166	0x1D03      	BTFSS      STATUS, 2
;__Lib_MathDouble.c,202 :: 		
0x0167	0x1C03      	BTFSS      STATUS, 0
;__Lib_MathDouble.c,203 :: 		
0x0168	0x2976      	GOTO       JPNSETFUN32
;__Lib_MathDouble.c,204 :: 		
0x0169	0x1003      	BCF        STATUS, 0
;__Lib_MathDouble.c,205 :: 		
NORM3232A:
;__Lib_MathDouble.c,206 :: 		
0x016A	0x1BF2      	BTFSC      R2, 7
;__Lib_MathDouble.c,207 :: 		
0x016B	0x297A      	GOTO       JMPNFIXSIGN32
;__Lib_MathDouble.c,208 :: 		
0x016C	0x0DF0      	RLF        R0, 1
;__Lib_MathDouble.c,209 :: 		
0x016D	0x0DF1      	RLF        R1, 1
;__Lib_MathDouble.c,210 :: 		
0x016E	0x0DF2      	RLF        R2, 1
;__Lib_MathDouble.c,211 :: 		
0x016F	0x0BF3      	DECFSZ     R3, 1
;__Lib_MathDouble.c,212 :: 		
0x0170	0x296A      	GOTO       NORM3232A
;__Lib_MathDouble.c,213 :: 		
0x0171	0x2976      	GOTO       JPNSETFUN32
;__Lib_MathDouble.c,214 :: 		
JPNRES032:
;__Lib_MathDouble.c,215 :: 		
0x0172	0x3001      	MOVLW      1
;__Lib_MathDouble.c,216 :: 		
0x0173	0x00FC      	MOVWF      R12
;__Lib_MathDouble.c,218 :: 		
0x0174	0x20F2      	CALL       _RES032
;__Lib_MathDouble.c,220 :: 		
0x0175	0x297D      	GOTO       NORM32EEE
;__Lib_MathDouble.c,221 :: 		
JPNSETFUN32:
;__Lib_MathDouble.c,222 :: 		
0x0176	0x3002      	MOVLW      2
;__Lib_MathDouble.c,223 :: 		
0x0177	0x00FC      	MOVWF      R12
;__Lib_MathDouble.c,225 :: 		
0x0178	0x20F9      	CALL       _SETFUN32
;__Lib_MathDouble.c,227 :: 		
0x0179	0x297D      	GOTO       NORM32EEE
;__Lib_MathDouble.c,228 :: 		
JMPNFIXSIGN32:
;__Lib_MathDouble.c,229 :: 		
0x017A	0x3004      	MOVLW      4
;__Lib_MathDouble.c,230 :: 		
0x017B	0x00FC      	MOVWF      R12
;__Lib_MathDouble.c,232 :: 		
0x017C	0x2105      	CALL       _FIXSIGN32
;__Lib_MathDouble.c,234 :: 		
NORM32EEE:
;__Lib_MathDouble.c,236 :: 		
L_end_NRM3232:
0x017D	0x0008      	RETURN
; end of _NRM3232
_Lcd_Chr_CP:
;__Lib_Lcd.c,50 :: 		
;__Lib_Lcd.c,52 :: 		
0x017E	0x1283      	BCF        STATUS, 5
0x017F	0x1303      	BCF        STATUS, 6
0x0180	0x106F      	BCF        __Lib_Lcd_cmd_status, BitPos(__Lib_Lcd_cmd_status+0)
;__Lib_Lcd.c,53 :: 		
0x0181	0x1683      	BSF        STATUS, 5
0x0182	0x0850      	MOVF       FARG_Lcd_Chr_CP_out_char, 0
0x0183	0x00D1      	MOVWF      FARG_Lcd_Cmd_out_char
0x0184	0x209B      	CALL       _Lcd_Cmd
;__Lib_Lcd.c,54 :: 		
0x0185	0x146F      	BSF        __Lib_Lcd_cmd_status, BitPos(__Lib_Lcd_cmd_status+0)
;__Lib_Lcd.c,55 :: 		
L_end_Lcd_Chr_CP:
0x0186	0x0008      	RETURN
; end of _Lcd_Chr_CP
_SETIOV3224:
;__Lib_MathDouble.c,1000 :: 		
;__Lib_MathDouble.c,1006 :: 		
0x0187	0x147B      	BSF        R11, 0
;__Lib_MathDouble.c,1007 :: 		
0x0188	0x1FFB      	BTFSS      R11, 7
;__Lib_MathDouble.c,1008 :: 		
0x0189	0x2992      	GOTO       SETIOV3224EEE
;__Lib_MathDouble.c,1010 :: 		
0x018A	0x01F2      	CLRF       R2
;__Lib_MathDouble.c,1011 :: 		
0x018B	0x1FFA      	BTFSS      R10, 7
;__Lib_MathDouble.c,1012 :: 		
0x018C	0x30FF      	MOVLW      255
;__Lib_MathDouble.c,1013 :: 		
0x018D	0x00F2      	MOVWF      R2
;__Lib_MathDouble.c,1014 :: 		
0x018E	0x00F1      	MOVWF      R1
;__Lib_MathDouble.c,1015 :: 		
0x018F	0x00F0      	MOVWF      R0
;__Lib_MathDouble.c,1016 :: 		
0x0190	0x0DFA      	RLF        R10, 1
;__Lib_MathDouble.c,1017 :: 		
0x0191	0x0CF2      	RRF        R2, 1
;__Lib_MathDouble.c,1018 :: 		
SETIOV3224EEE:
;__Lib_MathDouble.c,1019 :: 		
0x0192	0x30FF      	MOVLW      255
;__Lib_MathDouble.c,1021 :: 		
L_end_SETIOV3224:
0x0193	0x0008      	RETURN
; end of _SETIOV3224
_int2double:
;__Lib_MathDouble.c,1812 :: 		
;__Lib_MathDouble.c,1818 :: 		
0x0194	0x1283      	BCF        STATUS, 5
;__Lib_MathDouble.c,1819 :: 		
0x0195	0x1303      	BCF        STATUS, 6
;__Lib_MathDouble.c,1820 :: 		
0x0196	0x0870      	MOVF       R0, 0
;__Lib_MathDouble.c,1821 :: 		
0x0197	0x00F8      	MOVWF      R8
;__Lib_MathDouble.c,1822 :: 		
0x0198	0x0871      	MOVF       R1, 0
;__Lib_MathDouble.c,1823 :: 		
0x0199	0x00F0      	MOVWF      R0
;__Lib_MathDouble.c,1824 :: 		
0x019A	0x01F1      	CLRF       R1
;__Lib_MathDouble.c,1825 :: 		
0x019B	0x01F2      	CLRF       R2
;__Lib_MathDouble.c,1826 :: 		
0x019C	0x01F3      	CLRF       R3
;__Lib_MathDouble.c,1829 :: 		
0x019D	0x01FB      	CLRF       R11
;__Lib_MathDouble.c,1830 :: 		
0x019E	0x01FC      	CLRF       R12
;__Lib_MathDouble.c,1832 :: 		
0x019F	0x3096      	MOVLW      150
;__Lib_MathDouble.c,1833 :: 		
0x01A0	0x00F3      	MOVWF      R3
;__Lib_MathDouble.c,1834 :: 		
0x01A1	0x01FA      	CLRF       R10
;__Lib_MathDouble.c,1835 :: 		
0x01A2	0x1FF0      	BTFSS      R0, 7
;__Lib_MathDouble.c,1836 :: 		
0x01A3	0x29AA      	GOTO       FLO1632EEE
;__Lib_MathDouble.c,1838 :: 		
0x01A4	0x09F8      	COMF       R8, 1
;__Lib_MathDouble.c,1839 :: 		
0x01A5	0x09F0      	COMF       R0, 1
;__Lib_MathDouble.c,1841 :: 		
0x01A6	0x0AF8      	INCF       R8, 1
;__Lib_MathDouble.c,1842 :: 		
0x01A7	0x1903      	BTFSC      STATUS, 2
;__Lib_MathDouble.c,1843 :: 		
0x01A8	0x0AF0      	INCF       R0, 1
;__Lib_MathDouble.c,1845 :: 		
0x01A9	0x17FA      	BSF        R10, 7
;__Lib_MathDouble.c,1846 :: 		
FLO1632EEE:
;__Lib_MathDouble.c,1847 :: 		
0x01AA	0x0870      	MOVF       R0, 0
;__Lib_MathDouble.c,1848 :: 		
0x01AB	0x00F1      	MOVWF      R1
;__Lib_MathDouble.c,1849 :: 		
0x01AC	0x0878      	MOVF       R8, 0
;__Lib_MathDouble.c,1850 :: 		
0x01AD	0x00F0      	MOVWF      R0
;__Lib_MathDouble.c,1851 :: 		
0x01AE	0x01F8      	CLRF       R8
;__Lib_MathDouble.c,1852 :: 		
0x01AF	0x01F2      	CLRF       R2
;__Lib_MathDouble.c,1854 :: 		
0x01B0	0x214F      	CALL       _NRM3232
;__Lib_MathDouble.c,1855 :: 		
L_end_int2double:
0x01B1	0x0008      	RETURN
; end of _int2double
_Mul_32x32_FP:
;__Lib_MathDouble.c,610 :: 		
;__Lib_MathDouble.c,622 :: 		
;__Lib_MathDouble.c,624 :: 		
0x01B2	0x1283      	BCF        STATUS, 5
;__Lib_MathDouble.c,625 :: 		
0x01B3	0x1303      	BCF        STATUS, 6
;__Lib_MathDouble.c,627 :: 		
0x01B4	0x01FB      	CLRF       R11
;__Lib_MathDouble.c,628 :: 		
0x01B5	0x0873      	MOVF       R3, 0
;__Lib_MathDouble.c,629 :: 		
0x01B6	0x1D03      	BTFSS      STATUS, 2
;__Lib_MathDouble.c,630 :: 		
0x01B7	0x0877      	MOVF       R7, 0
;__Lib_MathDouble.c,631 :: 		
0x01B8	0x1903      	BTFSC      STATUS, 2
;__Lib_MathDouble.c,632 :: 		
0x01B9	0x2A09      	GOTO       JPMRES032
;__Lib_MathDouble.c,634 :: 		
0x01BA	0x0872      	MOVF       R2, 0
;__Lib_MathDouble.c,635 :: 		
0x01BB	0x0676      	XORWF      R6, 0
;__Lib_MathDouble.c,636 :: 		
0x01BC	0x00FA      	MOVWF      R10
;__Lib_MathDouble.c,637 :: 		
0x01BD	0x0877      	MOVF       R7, 0
;__Lib_MathDouble.c,638 :: 		
0x01BE	0x07F3      	ADDWF      R3, 1
;__Lib_MathDouble.c,639 :: 		
0x01BF	0x307E      	MOVLW      126
;__Lib_MathDouble.c,640 :: 		
0x01C0	0x1C03      	BTFSS      STATUS, 0
;__Lib_MathDouble.c,641 :: 		
0x01C1	0x29C6      	GOTO       MTUN32
;__Lib_MathDouble.c,642 :: 		
0x01C2	0x02F3      	SUBWF      R3, 1
;__Lib_MathDouble.c,643 :: 		
0x01C3	0x1803      	BTFSC      STATUS, 0
;__Lib_MathDouble.c,644 :: 		
0x01C4	0x2A0C      	GOTO       JPMSETFOV32
;__Lib_MathDouble.c,645 :: 		
0x01C5	0x29C9      	GOTO       MOK32
;__Lib_MathDouble.c,646 :: 		
MTUN32:
;__Lib_MathDouble.c,647 :: 		
0x01C6	0x02F3      	SUBWF      R3, 1
;__Lib_MathDouble.c,648 :: 		
0x01C7	0x1C03      	BTFSS      STATUS, 0
;__Lib_MathDouble.c,649 :: 		
0x01C8	0x2A0F      	GOTO       JPMSETFUN32
;__Lib_MathDouble.c,650 :: 		
MOK32:
;__Lib_MathDouble.c,651 :: 		
0x01C9	0x0872      	MOVF       R2, 0
;__Lib_MathDouble.c,652 :: 		
0x01CA	0x00F8      	MOVWF      R8
;__Lib_MathDouble.c,653 :: 		
0x01CB	0x0871      	MOVF       R1, 0
;__Lib_MathDouble.c,654 :: 		
0x01CC	0x00FC      	MOVWF      R12
;__Lib_MathDouble.c,655 :: 		
0x01CD	0x0870      	MOVF       R0, 0
;__Lib_MathDouble.c,656 :: 		
0x01CE	0x00FD      	MOVWF      R13
;__Lib_MathDouble.c,657 :: 		
0x01CF	0x17F8      	BSF        R8, 7
;__Lib_MathDouble.c,658 :: 		
0x01D0	0x17F6      	BSF        R6, 7
;__Lib_MathDouble.c,659 :: 		
0x01D1	0x1003      	BCF        STATUS, 0
;__Lib_MathDouble.c,660 :: 		
0x01D2	0x01F2      	CLRF       R2
;__Lib_MathDouble.c,661 :: 		
0x01D3	0x01F1      	CLRF       R1
;__Lib_MathDouble.c,662 :: 		
0x01D4	0x01F0      	CLRF       R0
;__Lib_MathDouble.c,663 :: 		
0x01D5	0x3018      	MOVLW      24
;__Lib_MathDouble.c,664 :: 		
0x01D6	0x00A0      	MOVWF      __math_tempbD
;__Lib_MathDouble.c,665 :: 		
MLOOP32:
;__Lib_MathDouble.c,666 :: 		
0x01D7	0x1C7D      	BTFSS      R13, 0
;__Lib_MathDouble.c,667 :: 		
0x01D8	0x29E3      	GOTO       MNOADD32
;__Lib_MathDouble.c,669 :: 		
0x01D9	0x0874      	MOVF       R4, 0
;__Lib_MathDouble.c,670 :: 		
0x01DA	0x07F0      	ADDWF      R0, 1
;__Lib_MathDouble.c,671 :: 		
0x01DB	0x0875      	MOVF       R5, 0
;__Lib_MathDouble.c,672 :: 		
0x01DC	0x1803      	BTFSC      STATUS, 0
;__Lib_MathDouble.c,673 :: 		
0x01DD	0x0F75      	INCFSZ     R5, 0
;__Lib_MathDouble.c,674 :: 		
0x01DE	0x07F1      	ADDWF      R1, 1
;__Lib_MathDouble.c,675 :: 		
0x01DF	0x0876      	MOVF       R6, 0
;__Lib_MathDouble.c,676 :: 		
0x01E0	0x1803      	BTFSC      STATUS, 0
;__Lib_MathDouble.c,677 :: 		
0x01E1	0x0F76      	INCFSZ     R6, 0
;__Lib_MathDouble.c,678 :: 		
0x01E2	0x07F2      	ADDWF      R2, 1
;__Lib_MathDouble.c,679 :: 		
MNOADD32:
;__Lib_MathDouble.c,680 :: 		
0x01E3	0x0CF2      	RRF        R2, 1
;__Lib_MathDouble.c,681 :: 		
0x01E4	0x0CF1      	RRF        R1, 1
;__Lib_MathDouble.c,682 :: 		
0x01E5	0x0CF0      	RRF        R0, 1
;__Lib_MathDouble.c,683 :: 		
0x01E6	0x0CF8      	RRF        R8, 1
;__Lib_MathDouble.c,684 :: 		
0x01E7	0x0CFC      	RRF        R12, 1
;__Lib_MathDouble.c,685 :: 		
0x01E8	0x0CFD      	RRF        R13, 1
;__Lib_MathDouble.c,686 :: 		
0x01E9	0x1003      	BCF        STATUS, 0
;__Lib_MathDouble.c,687 :: 		
0x01EA	0x0BA0      	DECFSZ     __math_tempbD, 1
;__Lib_MathDouble.c,688 :: 		
0x01EB	0x29D7      	GOTO       MLOOP32
;__Lib_MathDouble.c,689 :: 		
0x01EC	0x1BF2      	BTFSC      R2, 7
;__Lib_MathDouble.c,690 :: 		
0x01ED	0x29F3      	GOTO       MROUND32
;__Lib_MathDouble.c,691 :: 		
0x01EE	0x0DF8      	RLF        R8, 1
;__Lib_MathDouble.c,692 :: 		
0x01EF	0x0DF0      	RLF        R0, 1
;__Lib_MathDouble.c,693 :: 		
0x01F0	0x0DF1      	RLF        R1, 1
;__Lib_MathDouble.c,694 :: 		
0x01F1	0x0DF2      	RLF        R2, 1
;__Lib_MathDouble.c,695 :: 		
0x01F2	0x03F3      	DECF       R3, 1
;__Lib_MathDouble.c,696 :: 		
MROUND32:
;__Lib_MathDouble.c,697 :: 		
0x01F3	0x1B7B      	BTFSC      R11, 6
;__Lib_MathDouble.c,698 :: 		
0x01F4	0x1C70      	BTFSS      R0, 0
;__Lib_MathDouble.c,699 :: 		
0x01F5	0x2A05      	GOTO       MUL32OK
;__Lib_MathDouble.c,700 :: 		
0x01F6	0x1FF8      	BTFSS      R8, 7
;__Lib_MathDouble.c,701 :: 		
0x01F7	0x2A05      	GOTO       MUL32OK
;__Lib_MathDouble.c,702 :: 		
0x01F8	0x0AF0      	INCF       R0, 1
;__Lib_MathDouble.c,703 :: 		
0x01F9	0x1903      	BTFSC      STATUS, 2
;__Lib_MathDouble.c,704 :: 		
0x01FA	0x0AF1      	INCF       R1, 1
;__Lib_MathDouble.c,705 :: 		
0x01FB	0x1903      	BTFSC      STATUS, 2
;__Lib_MathDouble.c,706 :: 		
0x01FC	0x0AF2      	INCF       R2, 1
;__Lib_MathDouble.c,707 :: 		
0x01FD	0x1D03      	BTFSS      STATUS, 2
;__Lib_MathDouble.c,708 :: 		
0x01FE	0x2A05      	GOTO       MUL32OK
;__Lib_MathDouble.c,709 :: 		
0x01FF	0x0CF2      	RRF        R2, 1
;__Lib_MathDouble.c,710 :: 		
0x0200	0x0CF1      	RRF        R1, 1
;__Lib_MathDouble.c,711 :: 		
0x0201	0x0CF0      	RRF        R0, 1
;__Lib_MathDouble.c,712 :: 		
0x0202	0x0AF3      	INCF       R3, 1
;__Lib_MathDouble.c,713 :: 		
0x0203	0x1903      	BTFSC      STATUS, 2
;__Lib_MathDouble.c,714 :: 		
0x0204	0x2A0C      	GOTO       JPMSETFOV32
;__Lib_MathDouble.c,715 :: 		
MUL32OK:
;__Lib_MathDouble.c,716 :: 		
0x0205	0x1FFA      	BTFSS      R10, 7
;__Lib_MathDouble.c,717 :: 		
0x0206	0x13F2      	BCF        R2, 7
;__Lib_MathDouble.c,718 :: 		
0x0207	0x3000      	MOVLW      0
;__Lib_MathDouble.c,720 :: 		
0x0208	0x2A11      	GOTO       MUL32EEE
;__Lib_MathDouble.c,721 :: 		
JPMRES032:
;__Lib_MathDouble.c,722 :: 		
0x0209	0x3001      	MOVLW      1
;__Lib_MathDouble.c,725 :: 		
0x020A	0x20F2      	CALL       _RES032
;__Lib_MathDouble.c,727 :: 		
0x020B	0x2A11      	GOTO       MUL32EEE
;__Lib_MathDouble.c,728 :: 		
JPMSETFOV32:
;__Lib_MathDouble.c,729 :: 		
0x020C	0x3002      	MOVLW      2
;__Lib_MathDouble.c,732 :: 		
0x020D	0x2143      	CALL       _SETFOV32
;__Lib_MathDouble.c,734 :: 		
0x020E	0x2A11      	GOTO       MUL32EEE
;__Lib_MathDouble.c,735 :: 		
JPMSETFUN32:
;__Lib_MathDouble.c,736 :: 		
0x020F	0x3004      	MOVLW      4
;__Lib_MathDouble.c,739 :: 		
0x0210	0x20F9      	CALL       _SETFUN32
;__Lib_MathDouble.c,741 :: 		
MUL32EEE:
;__Lib_MathDouble.c,742 :: 		
0x0211	0x0000      	NOP
;__Lib_MathDouble.c,749 :: 		
L_end_Mul_32x32_FP:
0x0212	0x0008      	RETURN
; end of _Mul_32x32_FP
_ADC_Read:
;__Lib_ADC_A_C.c,68 :: 		
;__Lib_ADC_A_C.c,70 :: 		
0x0213	0x1283      	BCF        STATUS, 5
0x0214	0x1303      	BCF        STATUS, 6
0x0215	0x019F      	CLRF       ADCON0
;__Lib_ADC_A_C.c,71 :: 		
0x0216	0x30C0      	MOVLW      192
0x0217	0x049F      	IORWF      ADCON0, 1
;__Lib_ADC_A_C.c,72 :: 		
0x0218	0x095B      	COMF       _vref_mask, 0
0x0219	0x00F0      	MOVWF      R0
0x021A	0x0870      	MOVF       R0, 0
0x021B	0x1683      	BSF        STATUS, 5
0x021C	0x059F      	ANDWF      ADCON1, 1
;__Lib_ADC_A_C.c,73 :: 		
0x021D	0x171F      	BSF        ADCON1, 6
;__Lib_ADC_A_C.c,74 :: 		
0x021E	0x179F      	BSF        ADCON1, 7
;__Lib_ADC_A_C.c,75 :: 		
0x021F	0x084C      	MOVF       FARG_ADC_Read_channel, 0
0x0220	0x00F0      	MOVWF      R0
0x0221	0x0DF0      	RLF        R0, 1
0x0222	0x1070      	BCF        R0, 0
0x0223	0x0DF0      	RLF        R0, 1
0x0224	0x1070      	BCF        R0, 0
0x0225	0x0DF0      	RLF        R0, 1
0x0226	0x1070      	BCF        R0, 0
0x0227	0x0870      	MOVF       R0, 0
0x0228	0x1283      	BCF        STATUS, 5
0x0229	0x049F      	IORWF      ADCON0, 1
;__Lib_ADC_A_C.c,78 :: 		
0x022A	0x141F      	BSF        ADCON0, 0
;__Lib_ADC_A_C.c,81 :: 		
0x022B	0x213C      	CALL       _Delay_22us
;__Lib_ADC_A_C.c,84 :: 		
0x022C	0x151F      	BSF        ADCON0, 2
;__Lib_ADC_A_C.c,87 :: 		
L_ADC_Read2:
0x022D	0x1D1F      	BTFSS      ADCON0, 2
0x022E	0x2A31      	GOTO       L_ADC_Read3
;__Lib_ADC_A_C.c,88 :: 		
0x022F	0x0000      	NOP
0x0230	0x2A2D      	GOTO       L_ADC_Read2
L_ADC_Read3:
;__Lib_ADC_A_C.c,91 :: 		
0x0231	0x101F      	BCF        ADCON0, 0
;__Lib_ADC_A_C.c,94 :: 		
0x0232	0x081E      	MOVF       ADRESH, 0
0x0233	0x00F1      	MOVWF      R0+1
0x0234	0x01F0      	CLRF       R0
0x0235	0x1683      	BSF        STATUS, 5
0x0236	0x081E      	MOVF       ADRESL, 0
0x0237	0x04F0      	IORWF      R0, 1
0x0238	0x3000      	MOVLW      0
0x0239	0x04F1      	IORWF      R0+1, 1
;__Lib_ADC_A_C.c,95 :: 		
L_end_ADC_Read:
0x023A	0x0008      	RETURN
; end of _ADC_Read
_EEPROM_Write:
;__Lib_EEPROM.c,16 :: 		
;__Lib_EEPROM.c,20 :: 		
L_EEPROM_Write0:
0x023B	0x1683      	BSF        STATUS, 5
0x023C	0x1703      	BSF        STATUS, 6
0x023D	0x1C8C      	BTFSS      EECON1, 1
0x023E	0x2A41      	GOTO       L_EEPROM_Write1
0x023F	0x0000      	NOP
0x0240	0x2A3B      	GOTO       L_EEPROM_Write0
L_EEPROM_Write1:
;__Lib_EEPROM.c,21 :: 		
0x0241	0x1303      	BCF        STATUS, 6
0x0242	0x084C      	MOVF       FARG_EEPROM_Write_Address, 0
0x0243	0x1283      	BCF        STATUS, 5
0x0244	0x1703      	BSF        STATUS, 6
0x0245	0x008D      	MOVWF      EEADR
;__Lib_EEPROM.c,22 :: 		
0x0246	0x1683      	BSF        STATUS, 5
0x0247	0x1303      	BCF        STATUS, 6
0x0248	0x084D      	MOVF       FARG_EEPROM_Write_data_, 0
0x0249	0x1283      	BCF        STATUS, 5
0x024A	0x1703      	BSF        STATUS, 6
0x024B	0x008C      	MOVWF      EEDATA
;__Lib_EEPROM.c,23 :: 		
0x024C	0x1683      	BSF        STATUS, 5
0x024D	0x138C      	BCF        EECON1, 7
;__Lib_EEPROM.c,24 :: 		
0x024E	0x150C      	BSF        EECON1, 2
;__Lib_EEPROM.c,26 :: 		
0x024F	0x080B      	MOVF       INTCON, 0
0x0250	0x00F0      	MOVWF      R0
;__Lib_EEPROM.c,29 :: 		
0x0251	0x138B      	BCF        INTCON, 7
;__Lib_EEPROM.c,30 :: 		
0x0252	0x3055      	MOVLW      85
0x0253	0x008D      	MOVWF      EECON2
;__Lib_EEPROM.c,31 :: 		
0x0254	0x30AA      	MOVLW      170
0x0255	0x008D      	MOVWF      EECON2
;__Lib_EEPROM.c,32 :: 		
0x0256	0x148C      	BSF        EECON1, 1
;__Lib_EEPROM.c,36 :: 		
0x0257	0x1BF0      	BTFSC      R0, 7
0x0258	0x2A5B      	GOTO       L__EEPROM_Write4
0x0259	0x138B      	BCF        INTCON, 7
0x025A	0x2A5C      	GOTO       L__EEPROM_Write5
L__EEPROM_Write4:
0x025B	0x178B      	BSF        INTCON, 7
L__EEPROM_Write5:
;__Lib_EEPROM.c,37 :: 		
0x025C	0x110C      	BCF        EECON1, 2
;__Lib_EEPROM.c,38 :: 		
L_end_EEPROM_Write:
0x025D	0x0008      	RETURN
; end of _EEPROM_Write
_double2int:
;__Lib_MathDouble.c,1391 :: 		
;__Lib_MathDouble.c,1399 :: 		
0x025E	0x1283      	BCF        STATUS, 5
;__Lib_MathDouble.c,1400 :: 		
0x025F	0x1303      	BCF        STATUS, 6
;__Lib_MathDouble.c,1402 :: 		
0x0260	0x01FB      	CLRF       R11
;__Lib_MathDouble.c,1403 :: 		
0x0261	0x0873      	MOVF       R3, 0
;__Lib_MathDouble.c,1404 :: 		
0x0262	0x1903      	BTFSC      STATUS, 2
;__Lib_MathDouble.c,1405 :: 		
0x0263	0x2A9B      	GOTO       IRES016
;__Lib_MathDouble.c,1407 :: 		
0x0264	0x0872      	MOVF       R2, 0
;__Lib_MathDouble.c,1408 :: 		
0x0265	0x00FA      	MOVWF      R10
;__Lib_MathDouble.c,1409 :: 		
0x0266	0x17F2      	BSF        R2, 7
;__Lib_MathDouble.c,1411 :: 		
0x0267	0x308E      	MOVLW      142
;__Lib_MathDouble.c,1412 :: 		
0x0268	0x02F3      	SUBWF      R3, 1
;__Lib_MathDouble.c,1413 :: 		
0x0269	0x1FF3      	BTFSS      R3, 7
;__Lib_MathDouble.c,1414 :: 		
0x026A	0x2A9E      	GOTO       SETIOV16
;__Lib_MathDouble.c,1415 :: 		
0x026B	0x09F3      	COMF       R3, 1
;__Lib_MathDouble.c,1416 :: 		
0x026C	0x0AF3      	INCF       R3, 1
;__Lib_MathDouble.c,1418 :: 		
0x026D	0x3008      	MOVLW      8
;__Lib_MathDouble.c,1419 :: 		
0x026E	0x0273      	SUBWF      R3, 0
;__Lib_MathDouble.c,1420 :: 		
0x026F	0x1C03      	BTFSS      STATUS, 0
;__Lib_MathDouble.c,1421 :: 		
0x0270	0x2A81      	GOTO       TSHIFT3216
;__Lib_MathDouble.c,1422 :: 		
0x0271	0x00F3      	MOVWF      R3
;__Lib_MathDouble.c,1423 :: 		
0x0272	0x0DF1      	RLF        R1, 1
;__Lib_MathDouble.c,1424 :: 		
0x0273	0x0872      	MOVF       R2, 0
;__Lib_MathDouble.c,1425 :: 		
0x0274	0x00F1      	MOVWF      R1
;__Lib_MathDouble.c,1426 :: 		
0x0275	0x01F2      	CLRF       R2
;__Lib_MathDouble.c,1428 :: 		
0x0276	0x3008      	MOVLW      8
;__Lib_MathDouble.c,1429 :: 		
0x0277	0x0273      	SUBWF      R3, 0
;__Lib_MathDouble.c,1430 :: 		
0x0278	0x1C03      	BTFSS      STATUS, 0
;__Lib_MathDouble.c,1431 :: 		
0x0279	0x2A81      	GOTO       TSHIFT3216
;__Lib_MathDouble.c,1432 :: 		
0x027A	0x00F3      	MOVWF      R3
;__Lib_MathDouble.c,1433 :: 		
0x027B	0x0DF1      	RLF        R1, 1
;__Lib_MathDouble.c,1434 :: 		
0x027C	0x01F1      	CLRF       R1
;__Lib_MathDouble.c,1436 :: 		
0x027D	0x0873      	MOVF       R3, 0
;__Lib_MathDouble.c,1437 :: 		
0x027E	0x1D03      	BTFSS      STATUS, 2
;__Lib_MathDouble.c,1438 :: 		
0x027F	0x1003      	BCF        STATUS, 0
;__Lib_MathDouble.c,1439 :: 		
0x0280	0x2A89      	GOTO       SHIFT3216OK
;__Lib_MathDouble.c,1440 :: 		
TSHIFT3216:
;__Lib_MathDouble.c,1441 :: 		
0x0281	0x0873      	MOVF       R3, 0
;__Lib_MathDouble.c,1442 :: 		
0x0282	0x1903      	BTFSC      STATUS, 2
;__Lib_MathDouble.c,1443 :: 		
0x0283	0x2A89      	GOTO       SHIFT3216OK
;__Lib_MathDouble.c,1444 :: 		
SHIFT3216:
;__Lib_MathDouble.c,1445 :: 		
0x0284	0x1003      	BCF        STATUS, 0
;__Lib_MathDouble.c,1446 :: 		
0x0285	0x0CF2      	RRF        R2, 1
;__Lib_MathDouble.c,1447 :: 		
0x0286	0x0CF1      	RRF        R1, 1
;__Lib_MathDouble.c,1448 :: 		
0x0287	0x0BF3      	DECFSZ     R3, 1
;__Lib_MathDouble.c,1449 :: 		
0x0288	0x2A84      	GOTO       SHIFT3216
;__Lib_MathDouble.c,1450 :: 		
SHIFT3216OK:
;__Lib_MathDouble.c,1451 :: 		
0x0289	0x1B7B      	BTFSC      R11, 6
;__Lib_MathDouble.c,1452 :: 		
0x028A	0x1C71      	BTFSS      R1, 0
;__Lib_MathDouble.c,1453 :: 		
0x028B	0x2A93      	GOTO       INT3216OK
;__Lib_MathDouble.c,1454 :: 		
0x028C	0x1C03      	BTFSS      STATUS, 0
;__Lib_MathDouble.c,1455 :: 		
0x028D	0x2A93      	GOTO       INT3216OK
;__Lib_MathDouble.c,1456 :: 		
0x028E	0x0AF1      	INCF       R1, 1
;__Lib_MathDouble.c,1457 :: 		
0x028F	0x1903      	BTFSC      STATUS, 2
;__Lib_MathDouble.c,1458 :: 		
0x0290	0x0AF2      	INCF       R2, 1
;__Lib_MathDouble.c,1459 :: 		
0x0291	0x1BF2      	BTFSC      R2, 7
;__Lib_MathDouble.c,1460 :: 		
0x0292	0x2AAA      	GOTO       JPJSETIOV3224
;__Lib_MathDouble.c,1461 :: 		
INT3216OK:
;__Lib_MathDouble.c,1462 :: 		
0x0293	0x1FFA      	BTFSS      R10, 7
;__Lib_MathDouble.c,1463 :: 		
0x0294	0x2AAD      	GOTO       INT3216EOK
;__Lib_MathDouble.c,1465 :: 		
0x0295	0x09F2      	COMF       R2, 1
;__Lib_MathDouble.c,1466 :: 		
0x0296	0x09F1      	COMF       R1, 1
;__Lib_MathDouble.c,1467 :: 		
0x0297	0x0AF1      	INCF       R1, 1
;__Lib_MathDouble.c,1468 :: 		
0x0298	0x1903      	BTFSC      STATUS, 2
;__Lib_MathDouble.c,1469 :: 		
0x0299	0x0AF2      	INCF       R2, 1
;__Lib_MathDouble.c,1470 :: 		
0x029A	0x2AAD      	GOTO       INT3216EOK
;__Lib_MathDouble.c,1472 :: 		
IRES016:
;__Lib_MathDouble.c,1473 :: 		
0x029B	0x01F2      	CLRF       R2
;__Lib_MathDouble.c,1474 :: 		
0x029C	0x01F1      	CLRF       R1
;__Lib_MathDouble.c,1475 :: 		
0x029D	0x2AAD      	GOTO       INT3216EOK
;__Lib_MathDouble.c,1476 :: 		
SETIOV16:
;__Lib_MathDouble.c,1477 :: 		
0x029E	0x147B      	BSF        R11, 0
;__Lib_MathDouble.c,1478 :: 		
0x029F	0x1FFB      	BTFSS      R11, 7
;__Lib_MathDouble.c,1479 :: 		
0x02A0	0x2AB0      	GOTO       INT3216EER
;__Lib_MathDouble.c,1481 :: 		
0x02A1	0x01F2      	CLRF       R2
;__Lib_MathDouble.c,1482 :: 		
0x02A2	0x1FFA      	BTFSS      R10, 7
;__Lib_MathDouble.c,1483 :: 		
0x02A3	0x2AB0      	GOTO       INT3216EER
;__Lib_MathDouble.c,1484 :: 		
0x02A4	0x30FF      	MOVLW      255
;__Lib_MathDouble.c,1485 :: 		
0x02A5	0x00F2      	MOVWF      R2
;__Lib_MathDouble.c,1486 :: 		
0x02A6	0x00F1      	MOVWF      R1
;__Lib_MathDouble.c,1487 :: 		
0x02A7	0x0DFA      	RLF        R10, 1
;__Lib_MathDouble.c,1488 :: 		
0x02A8	0x0CF2      	RRF        R2, 1
;__Lib_MathDouble.c,1489 :: 		
0x02A9	0x2AB0      	GOTO       INT3216EER
;__Lib_MathDouble.c,1491 :: 		
JPJSETIOV3224:
;__Lib_MathDouble.c,1492 :: 		
0x02AA	0x3001      	MOVLW      1
;__Lib_MathDouble.c,1493 :: 		
0x02AB	0x00FC      	MOVWF      R12
;__Lib_MathDouble.c,1494 :: 		
0x02AC	0x2AB2      	GOTO       INT3216EEE
;__Lib_MathDouble.c,1495 :: 		
INT3216EOK:
;__Lib_MathDouble.c,1496 :: 		
0x02AD	0x3000      	MOVLW      0
;__Lib_MathDouble.c,1497 :: 		
0x02AE	0x00FC      	MOVWF      R12
;__Lib_MathDouble.c,1498 :: 		
0x02AF	0x2AB2      	GOTO       INT3216EEE
;__Lib_MathDouble.c,1499 :: 		
INT3216EER:
;__Lib_MathDouble.c,1500 :: 		
0x02B0	0x30FF      	MOVLW      255
;__Lib_MathDouble.c,1501 :: 		
0x02B1	0x00FC      	MOVWF      R12
;__Lib_MathDouble.c,1502 :: 		
INT3216EEE:
;__Lib_MathDouble.c,1505 :: 		
0x02B2	0x08FC      	MOVF       R12, 1
;__Lib_MathDouble.c,1507 :: 		
0x02B3	0x1903      	BTFSC      STATUS, 2
;__Lib_MathDouble.c,1508 :: 		
0x02B4	0x2AB6      	GOTO       L_Double2Int_0
;__Lib_MathDouble.c,1510 :: 		
0x02B5	0x2187      	CALL       _SETIOV3224
;__Lib_MathDouble.c,1512 :: 		
L_Double2Int_0:
;__Lib_MathDouble.c,1513 :: 		
0x02B6	0x0871      	MOVF       R1, 0
;__Lib_MathDouble.c,1514 :: 		
0x02B7	0x00F0      	MOVWF      R0
;__Lib_MathDouble.c,1515 :: 		
0x02B8	0x0872      	MOVF       R2, 0
;__Lib_MathDouble.c,1516 :: 		
0x02B9	0x00F1      	MOVWF      R1
;__Lib_MathDouble.c,1520 :: 		
L_end_double2int:
0x02BA	0x0008      	RETURN
; end of _double2int
___CC2DW:
;__Lib_System.c,134 :: 		
;__Lib_System.c,137 :: 		
_CC2D_Loop1:
;__Lib_System.c,139 :: 		
0x02BB	0x2135      	CALL       _____DoICP
0x02BC	0x118A      	BCF        PCLATH, 3
0x02BD	0x120A      	BCF        PCLATH, 4
;__Lib_System.c,141 :: 		
0x02BE	0x0080      	MOVWF      INDF
;__Lib_System.c,142 :: 		
0x02BF	0x0A84      	INCF       FSR, 1
;__Lib_System.c,143 :: 		
0x02C0	0x0AED      	INCF       ___DoICPAddr, 1
;__Lib_System.c,145 :: 		
0x02C1	0x1903      	BTFSC      STATUS, 2
;__Lib_System.c,146 :: 		
0x02C2	0x0AEE      	INCF       ___DoICPAddr+1, 1
;__Lib_System.c,147 :: 		
0x02C3	0x03F0      	DECF       R0, 1
;__Lib_System.c,149 :: 		
0x02C4	0x1D03      	BTFSS      STATUS, 2
;__Lib_System.c,150 :: 		
0x02C5	0x2ABB      	GOTO       _CC2D_Loop1
;__Lib_System.c,152 :: 		
L_end___CC2DW:
0x02C6	0x0008      	RETURN
; end of ___CC2DW
_Lcd_Out:
;__Lib_Lcd.c,184 :: 		
;__Lib_Lcd.c,187 :: 		
0x02C7	0x2AD9      	GOTO       L_Lcd_Out11
;__Lib_Lcd.c,188 :: 		
L_Lcd_Out13:
0x02C8	0x3080      	MOVLW      128
0x02C9	0x1683      	BSF        STATUS, 5
0x02CA	0x1303      	BCF        STATUS, 6
0x02CB	0x00CC      	MOVWF      FARG_Lcd_Out_row
0x02CC	0x2AEC      	GOTO       L_Lcd_Out12
;__Lib_Lcd.c,189 :: 		
L_Lcd_Out14:
0x02CD	0x30C0      	MOVLW      192
0x02CE	0x00CC      	MOVWF      FARG_Lcd_Out_row
0x02CF	0x2AEC      	GOTO       L_Lcd_Out12
;__Lib_Lcd.c,190 :: 		
L_Lcd_Out15:
0x02D0	0x3094      	MOVLW      148
0x02D1	0x00CC      	MOVWF      FARG_Lcd_Out_row
0x02D2	0x2AEC      	GOTO       L_Lcd_Out12
;__Lib_Lcd.c,191 :: 		
L_Lcd_Out16:
0x02D3	0x30D4      	MOVLW      212
0x02D4	0x00CC      	MOVWF      FARG_Lcd_Out_row
0x02D5	0x2AEC      	GOTO       L_Lcd_Out12
;__Lib_Lcd.c,192 :: 		
L_Lcd_Out17:
0x02D6	0x3080      	MOVLW      128
0x02D7	0x00CC      	MOVWF      FARG_Lcd_Out_row
;__Lib_Lcd.c,193 :: 		
0x02D8	0x2AEC      	GOTO       L_Lcd_Out12
L_Lcd_Out11:
0x02D9	0x1683      	BSF        STATUS, 5
0x02DA	0x1303      	BCF        STATUS, 6
0x02DB	0x084C      	MOVF       FARG_Lcd_Out_row, 0
0x02DC	0x3A01      	XORLW      1
0x02DD	0x1903      	BTFSC      STATUS, 2
0x02DE	0x2AC8      	GOTO       L_Lcd_Out13
0x02DF	0x084C      	MOVF       FARG_Lcd_Out_row, 0
0x02E0	0x3A02      	XORLW      2
0x02E1	0x1903      	BTFSC      STATUS, 2
0x02E2	0x2ACD      	GOTO       L_Lcd_Out14
0x02E3	0x084C      	MOVF       FARG_Lcd_Out_row, 0
0x02E4	0x3A03      	XORLW      3
0x02E5	0x1903      	BTFSC      STATUS, 2
0x02E6	0x2AD0      	GOTO       L_Lcd_Out15
0x02E7	0x084C      	MOVF       FARG_Lcd_Out_row, 0
0x02E8	0x3A04      	XORLW      4
0x02E9	0x1903      	BTFSC      STATUS, 2
0x02EA	0x2AD3      	GOTO       L_Lcd_Out16
0x02EB	0x2AD6      	GOTO       L_Lcd_Out17
L_Lcd_Out12:
;__Lib_Lcd.c,194 :: 		
0x02EC	0x034D      	DECF       FARG_Lcd_Out_column, 0
0x02ED	0x00F0      	MOVWF      R0
0x02EE	0x084C      	MOVF       FARG_Lcd_Out_row, 0
0x02EF	0x07F0      	ADDWF      R0, 1
0x02F0	0x0870      	MOVF       R0, 0
0x02F1	0x00CC      	MOVWF      FARG_Lcd_Out_row
;__Lib_Lcd.c,196 :: 		
0x02F2	0x0870      	MOVF       R0, 0
0x02F3	0x00D1      	MOVWF      FARG_Lcd_Cmd_out_char
0x02F4	0x209B      	CALL       _Lcd_Cmd
;__Lib_Lcd.c,197 :: 		
0x02F5	0x106F      	BCF        __Lib_Lcd_cmd_status, BitPos(__Lib_Lcd_cmd_status+0)
;__Lib_Lcd.c,198 :: 		
0x02F6	0x1683      	BSF        STATUS, 5
0x02F7	0x01CF      	CLRF       Lcd_Out_i_L0
;__Lib_Lcd.c,199 :: 		
L_Lcd_Out18:
0x02F8	0x084F      	MOVF       Lcd_Out_i_L0, 0
0x02F9	0x074E      	ADDWF      FARG_Lcd_Out_text, 0
0x02FA	0x0084      	MOVWF      FSR
0x02FB	0x0800      	MOVF       INDF, 0
0x02FC	0x1903      	BTFSC      STATUS, 2
0x02FD	0x2B07      	GOTO       L_Lcd_Out19
;__Lib_Lcd.c,200 :: 		
0x02FE	0x084F      	MOVF       Lcd_Out_i_L0, 0
0x02FF	0x074E      	ADDWF      FARG_Lcd_Out_text, 0
0x0300	0x0084      	MOVWF      FSR
0x0301	0x0800      	MOVF       INDF, 0
0x0302	0x00D0      	MOVWF      FARG_Lcd_Chr_CP_out_char
0x0303	0x217E      	CALL       _Lcd_Chr_CP
0x0304	0x1683      	BSF        STATUS, 5
0x0305	0x0ACF      	INCF       Lcd_Out_i_L0, 1
0x0306	0x2AF8      	GOTO       L_Lcd_Out18
L_Lcd_Out19:
;__Lib_Lcd.c,201 :: 		
0x0307	0x1283      	BCF        STATUS, 5
0x0308	0x146F      	BSF        __Lib_Lcd_cmd_status, BitPos(__Lib_Lcd_cmd_status+0)
;__Lib_Lcd.c,202 :: 		
L_end_Lcd_Out:
0x0309	0x0008      	RETURN
; end of _Lcd_Out
_EEPROM_Read:
;__Lib_EEPROM.c,4 :: 		
;__Lib_EEPROM.c,5 :: 		
0x030A	0x1683      	BSF        STATUS, 5
0x030B	0x1303      	BCF        STATUS, 6
0x030C	0x084C      	MOVF       FARG_EEPROM_Read_Address, 0
0x030D	0x1283      	BCF        STATUS, 5
0x030E	0x1703      	BSF        STATUS, 6
0x030F	0x008D      	MOVWF      EEADR
;__Lib_EEPROM.c,6 :: 		
0x0310	0x1683      	BSF        STATUS, 5
0x0311	0x138C      	BCF        EECON1, 7
;__Lib_EEPROM.c,12 :: 		
0x0312	0x140C      	BSF        EECON1, 0
;__Lib_EEPROM.c,13 :: 		
0x0313	0x1283      	BCF        STATUS, 5
0x0314	0x080C      	MOVF       EEDATA, 0
0x0315	0x00F0      	MOVWF      R0
;__Lib_EEPROM.c,14 :: 		
L_end_EEPROM_Read:
0x0316	0x0008      	RETURN
; end of _EEPROM_Read
_Div_16x16_S:
;__Lib_Math.c,479 :: 		
;__Lib_Math.c,487 :: 		
0x0317	0x1283      	BCF        STATUS, 5
0x0318	0x1303      	BCF        STATUS, 6
0x0319	0x0874      	MOVF       R4, 0
0x031A	0x3A00      	XORLW      0
0x031B	0x1D03      	BTFSS      STATUS, 2
0x031C	0x2B26      	GOTO       L_Div_16x16_S0
;__Lib_Math.c,488 :: 		
0x031D	0x0875      	MOVF       R5, 0
0x031E	0x3A00      	XORLW      0
0x031F	0x1D03      	BTFSS      STATUS, 2
0x0320	0x2B26      	GOTO       L_Div_16x16_S1
;__Lib_Math.c,489 :: 		
0x0321	0x30FF      	MOVLW      255
0x0322	0x00F0      	MOVWF      R0
;__Lib_Math.c,490 :: 		
0x0323	0x307F      	MOVLW      127
0x0324	0x00F1      	MOVWF      R1
;__Lib_Math.c,491 :: 		
0x0325	0x2B7F      	GOTO       L_end_Div_16x16_S
;__Lib_Math.c,492 :: 		
L_Div_16x16_S1:
L_Div_16x16_S0:
;__Lib_Math.c,495 :: 		
0x0326	0x1283      	BCF        STATUS, 5
;__Lib_Math.c,496 :: 		
0x0327	0x1303      	BCF        STATUS, 6
;__Lib_Math.c,497 :: 		
0x0328	0x01FD      	CLRF       R13
;__Lib_Math.c,498 :: 		
0x0329	0x01F9      	CLRF       R9
;__Lib_Math.c,499 :: 		
0x032A	0x01F8      	CLRF       R8
;__Lib_Math.c,500 :: 		
0x032B	0x0871      	MOVF       R1, 0
;__Lib_Math.c,501 :: 		
0x032C	0x0470      	IORWF      R0, 0
;__Lib_Math.c,502 :: 		
0x032D	0x1903      	BTFSC      STATUS, 2
;__Lib_Math.c,503 :: 		
0x032E	0x3400      	RETLW      0
;__Lib_Math.c,505 :: 		
0x032F	0x0871      	MOVF       R1, 0
;__Lib_Math.c,506 :: 		
0x0330	0x0675      	XORWF      R5, 0
;__Lib_Math.c,507 :: 		
0x0331	0x00FA      	MOVWF      R10
;__Lib_Math.c,508 :: 		
0x0332	0x1BFA      	BTFSC      R10, 7
;__Lib_Math.c,509 :: 		
0x0333	0x09FD      	COMF       R13, 1
;__Lib_Math.c,511 :: 		
0x0334	0x01FB      	CLRF       R11
;__Lib_Math.c,513 :: 		
0x0335	0x1FF5      	BTFSS      R5, 7
;__Lib_Math.c,514 :: 		
0x0336	0x2B3C      	GOTO       $+6
;__Lib_Math.c,516 :: 		
0x0337	0x09F4      	COMF       R4, 1
;__Lib_Math.c,517 :: 		
0x0338	0x09F5      	COMF       R5, 1
;__Lib_Math.c,518 :: 		
0x0339	0x0AF4      	INCF       R4, 1
;__Lib_Math.c,519 :: 		
0x033A	0x1903      	BTFSC      STATUS, 2
;__Lib_Math.c,520 :: 		
0x033B	0x0AF5      	INCF       R5, 1
;__Lib_Math.c,522 :: 		
0x033C	0x1FF1      	BTFSS      R1, 7
;__Lib_Math.c,523 :: 		
0x033D	0x2B43      	GOTO       $+6
;__Lib_Math.c,525 :: 		
0x033E	0x09F0      	COMF       R0, 1
;__Lib_Math.c,526 :: 		
0x033F	0x09F1      	COMF       R1, 1
;__Lib_Math.c,527 :: 		
0x0340	0x0AF0      	INCF       R0, 1
;__Lib_Math.c,528 :: 		
0x0341	0x1903      	BTFSC      STATUS, 2
;__Lib_Math.c,529 :: 		
0x0342	0x0AF1      	INCF       R1, 1
;__Lib_Math.c,531 :: 		
0x0343	0x0871      	MOVF       R1, 0
;__Lib_Math.c,532 :: 		
0x0344	0x0475      	IORWF      R5, 0
;__Lib_Math.c,533 :: 		
0x0345	0x00FA      	MOVWF      R10
;__Lib_Math.c,534 :: 		
0x0346	0x1BFA      	BTFSC      R10, 7
;__Lib_Math.c,535 :: 		
0x0347	0x2B58      	GOTO       $+17
;__Lib_Math.c,537 :: 		
0x0348	0x2109      	CALL       _Div_16x16_S_L
;__Lib_Math.c,539 :: 		
0x0349	0x187B      	BTFSC      R11, 0
;__Lib_Math.c,540 :: 		
0x034A	0x2B6B      	GOTO       $+33
;__Lib_Math.c,542 :: 		
0x034B	0x1FFD      	BTFSS      R13, 7
;__Lib_Math.c,543 :: 		
0x034C	0x3400      	RETLW      0
;__Lib_Math.c,545 :: 		
0x034D	0x09F0      	COMF       R0, 1
;__Lib_Math.c,546 :: 		
0x034E	0x09F1      	COMF       R1, 1
;__Lib_Math.c,547 :: 		
0x034F	0x0AF0      	INCF       R0, 1
;__Lib_Math.c,548 :: 		
0x0350	0x1903      	BTFSC      STATUS, 2
;__Lib_Math.c,549 :: 		
0x0351	0x0AF1      	INCF       R1, 1
;__Lib_Math.c,551 :: 		
0x0352	0x09F8      	COMF       R8, 1
;__Lib_Math.c,552 :: 		
0x0353	0x09F9      	COMF       R9, 1
;__Lib_Math.c,553 :: 		
0x0354	0x0AF8      	INCF       R8, 1
;__Lib_Math.c,554 :: 		
0x0355	0x1903      	BTFSC      STATUS, 2
;__Lib_Math.c,555 :: 		
0x0356	0x0AF9      	INCF       R9, 1
;__Lib_Math.c,557 :: 		
0x0357	0x3400      	RETLW      0
;__Lib_Math.c,559 :: 		
0x0358	0x1FF5      	BTFSS      R5, 7
;__Lib_Math.c,560 :: 		
0x0359	0x2B67      	GOTO       $+14
;__Lib_Math.c,561 :: 		
0x035A	0x1BF1      	BTFSC      R1, 7
;__Lib_Math.c,562 :: 		
0x035B	0x2B63      	GOTO       $+8
;__Lib_Math.c,563 :: 		
0x035C	0x0871      	MOVF       R1, 0
;__Lib_Math.c,564 :: 		
0x035D	0x00F9      	MOVWF      R9
;__Lib_Math.c,565 :: 		
0x035E	0x0870      	MOVF       R0, 0
;__Lib_Math.c,566 :: 		
0x035F	0x00F8      	MOVWF      R8
;__Lib_Math.c,567 :: 		
0x0360	0x01F1      	CLRF       R1
;__Lib_Math.c,568 :: 		
0x0361	0x01F0      	CLRF       R0
;__Lib_Math.c,569 :: 		
0x0362	0x2B4B      	GOTO       $-23
;__Lib_Math.c,570 :: 		
0x0363	0x01F1      	CLRF       R1
;__Lib_Math.c,571 :: 		
0x0364	0x01F0      	CLRF       R0
;__Lib_Math.c,572 :: 		
0x0365	0x0AF0      	INCF       R0, 1
;__Lib_Math.c,573 :: 		
0x0366	0x3400      	RETLW      0
;__Lib_Math.c,575 :: 		
0x0367	0x09F1      	COMF       R1, 1
;__Lib_Math.c,576 :: 		
0x0368	0x09F0      	COMF       R0, 1
;__Lib_Math.c,577 :: 		
0x0369	0x0AFB      	INCF       R11, 1
;__Lib_Math.c,578 :: 		
0x036A	0x2B48      	GOTO       $-34
;__Lib_Math.c,580 :: 		
0x036B	0x0AF8      	INCF       R8, 1
;__Lib_Math.c,581 :: 		
0x036C	0x1903      	BTFSC      STATUS, 2
;__Lib_Math.c,582 :: 		
0x036D	0x0AF9      	INCF       R9, 1
;__Lib_Math.c,583 :: 		
0x036E	0x0874      	MOVF       R4, 0
;__Lib_Math.c,584 :: 		
0x036F	0x0278      	SUBWF      R8, 0
;__Lib_Math.c,585 :: 		
0x0370	0x1D03      	BTFSS      STATUS, 2
;__Lib_Math.c,586 :: 		
0x0371	0x2B4B      	GOTO       $-38
;__Lib_Math.c,587 :: 		
0x0372	0x0875      	MOVF       R5, 0
;__Lib_Math.c,588 :: 		
0x0373	0x0279      	SUBWF      R9, 0
;__Lib_Math.c,589 :: 		
0x0374	0x1D03      	BTFSS      STATUS, 2
;__Lib_Math.c,590 :: 		
0x0375	0x2B4B      	GOTO       $-42
;__Lib_Math.c,591 :: 		
0x0376	0x01F9      	CLRF       R9
;__Lib_Math.c,592 :: 		
0x0377	0x01F8      	CLRF       R8
;__Lib_Math.c,593 :: 		
0x0378	0x0AF0      	INCF       R0, 1
;__Lib_Math.c,594 :: 		
0x0379	0x1903      	BTFSC      STATUS, 2
;__Lib_Math.c,595 :: 		
0x037A	0x0AF1      	INCF       R1, 1
;__Lib_Math.c,596 :: 		
0x037B	0x1FF1      	BTFSS      R1, 7
;__Lib_Math.c,597 :: 		
0x037C	0x2B4B      	GOTO       $-49
;__Lib_Math.c,598 :: 		
0x037D	0x0000      	NOP
;__Lib_Math.c,599 :: 		
0x037E	0x34FF      	RETLW      255
;__Lib_Math.c,601 :: 		
L_end_Div_16x16_S:
0x037F	0x0008      	RETURN
; end of _Div_16x16_S
_Lcd_Init:
;__Lib_Lcd.c,84 :: 		
;__Lib_Lcd.c,86 :: 		
0x0380	0x1683      	BSF        STATUS, 5
0x0381	0x1303      	BCF        STATUS, 6
0x0382	0x1288      	BCF        LCD_EN_Direction, BitPos(LCD_EN_Direction+0)
;__Lib_Lcd.c,87 :: 		
0x0383	0x1208      	BCF        LCD_RS_Direction, BitPos(LCD_RS_Direction+0)
;__Lib_Lcd.c,88 :: 		
0x0384	0x1008      	BCF        LCD_D4_Direction, BitPos(LCD_D4_Direction+0)
;__Lib_Lcd.c,89 :: 		
0x0385	0x1088      	BCF        LCD_D5_Direction, BitPos(LCD_D5_Direction+0)
;__Lib_Lcd.c,90 :: 		
0x0386	0x1108      	BCF        LCD_D6_Direction, BitPos(LCD_D6_Direction+0)
;__Lib_Lcd.c,91 :: 		
0x0387	0x1188      	BCF        LCD_D7_Direction, BitPos(LCD_D7_Direction+0)
;__Lib_Lcd.c,93 :: 		
0x0388	0x1283      	BCF        STATUS, 5
0x0389	0x1288      	BCF        LCD_EN, BitPos(LCD_EN+0)
;__Lib_Lcd.c,94 :: 		
0x038A	0x1208      	BCF        LCD_RS, BitPos(LCD_RS+0)
;__Lib_Lcd.c,95 :: 		
0x038B	0x1188      	BCF        LCD_D7, BitPos(LCD_D7+0)
;__Lib_Lcd.c,96 :: 		
0x038C	0x1108      	BCF        LCD_D6, BitPos(LCD_D6+0)
;__Lib_Lcd.c,97 :: 		
0x038D	0x1088      	BCF        LCD_D5, BitPos(LCD_D5+0)
;__Lib_Lcd.c,98 :: 		
0x038E	0x1008      	BCF        LCD_D4, BitPos(LCD_D4+0)
;__Lib_Lcd.c,100 :: 		
0x038F	0x208E      	CALL       _Delay_5500us
;__Lib_Lcd.c,101 :: 		
0x0390	0x208E      	CALL       _Delay_5500us
;__Lib_Lcd.c,102 :: 		
0x0391	0x208E      	CALL       _Delay_5500us
;__Lib_Lcd.c,105 :: 		
0x0392	0x1488      	BSF        LCD_D5, BitPos(LCD_D5+0)
;__Lib_Lcd.c,106 :: 		
0x0393	0x1408      	BSF        LCD_D4, BitPos(LCD_D4+0)
;__Lib_Lcd.c,107 :: 		
0x0394	0x1688      	BSF        LCD_EN, BitPos(LCD_EN+0)
;__Lib_Lcd.c,108 :: 		
0x0395	0x2099      	CALL       _Delay_1us
;__Lib_Lcd.c,109 :: 		
0x0396	0x1288      	BCF        LCD_EN, BitPos(LCD_EN+0)
;__Lib_Lcd.c,110 :: 		
0x0397	0x208E      	CALL       _Delay_5500us
;__Lib_Lcd.c,112 :: 		
0x0398	0x1688      	BSF        LCD_EN, BitPos(LCD_EN+0)
;__Lib_Lcd.c,113 :: 		
0x0399	0x2099      	CALL       _Delay_1us
;__Lib_Lcd.c,114 :: 		
0x039A	0x1288      	BCF        LCD_EN, BitPos(LCD_EN+0)
;__Lib_Lcd.c,115 :: 		
0x039B	0x208E      	CALL       _Delay_5500us
;__Lib_Lcd.c,117 :: 		
0x039C	0x1688      	BSF        LCD_EN, BitPos(LCD_EN+0)
;__Lib_Lcd.c,118 :: 		
0x039D	0x2099      	CALL       _Delay_1us
;__Lib_Lcd.c,119 :: 		
0x039E	0x1288      	BCF        LCD_EN, BitPos(LCD_EN+0)
;__Lib_Lcd.c,120 :: 		
0x039F	0x208E      	CALL       _Delay_5500us
;__Lib_Lcd.c,123 :: 		
0x03A0	0x1008      	BCF        LCD_D4, BitPos(LCD_D4+0)
;__Lib_Lcd.c,124 :: 		
0x03A1	0x1688      	BSF        LCD_EN, BitPos(LCD_EN+0)
;__Lib_Lcd.c,125 :: 		
0x03A2	0x2099      	CALL       _Delay_1us
;__Lib_Lcd.c,126 :: 		
0x03A3	0x1288      	BCF        LCD_EN, BitPos(LCD_EN+0)
;__Lib_Lcd.c,127 :: 		
0x03A4	0x208E      	CALL       _Delay_5500us
;__Lib_Lcd.c,130 :: 		
0x03A5	0x1688      	BSF        LCD_EN, BitPos(LCD_EN+0)
;__Lib_Lcd.c,131 :: 		
0x03A6	0x2099      	CALL       _Delay_1us
;__Lib_Lcd.c,132 :: 		
0x03A7	0x1288      	BCF        LCD_EN, BitPos(LCD_EN+0)
;__Lib_Lcd.c,134 :: 		
0x03A8	0x1088      	BCF        LCD_D5, BitPos(LCD_D5+0)
;__Lib_Lcd.c,135 :: 		
0x03A9	0x1588      	BSF        LCD_D7, BitPos(LCD_D7+0)
;__Lib_Lcd.c,136 :: 		
0x03AA	0x1688      	BSF        LCD_EN, BitPos(LCD_EN+0)
;__Lib_Lcd.c,137 :: 		
0x03AB	0x2099      	CALL       _Delay_1us
;__Lib_Lcd.c,138 :: 		
0x03AC	0x1288      	BCF        LCD_EN, BitPos(LCD_EN+0)
;__Lib_Lcd.c,139 :: 		
0x03AD	0x208E      	CALL       _Delay_5500us
;__Lib_Lcd.c,142 :: 		
0x03AE	0x1188      	BCF        LCD_D7, BitPos(LCD_D7+0)
;__Lib_Lcd.c,143 :: 		
0x03AF	0x1408      	BSF        LCD_D4, BitPos(LCD_D4+0)
;__Lib_Lcd.c,144 :: 		
0x03B0	0x1688      	BSF        LCD_EN, BitPos(LCD_EN+0)
;__Lib_Lcd.c,145 :: 		
0x03B1	0x2099      	CALL       _Delay_1us
;__Lib_Lcd.c,146 :: 		
0x03B2	0x1288      	BCF        LCD_EN, BitPos(LCD_EN+0)
;__Lib_Lcd.c,148 :: 		
0x03B3	0x1008      	BCF        LCD_D4, BitPos(LCD_D4+0)
;__Lib_Lcd.c,149 :: 		
0x03B4	0x1688      	BSF        LCD_EN, BitPos(LCD_EN+0)
;__Lib_Lcd.c,150 :: 		
0x03B5	0x2099      	CALL       _Delay_1us
;__Lib_Lcd.c,151 :: 		
0x03B6	0x1288      	BCF        LCD_EN, BitPos(LCD_EN+0)
;__Lib_Lcd.c,152 :: 		
0x03B7	0x208E      	CALL       _Delay_5500us
;__Lib_Lcd.c,155 :: 		
0x03B8	0x1688      	BSF        LCD_EN, BitPos(LCD_EN+0)
;__Lib_Lcd.c,156 :: 		
0x03B9	0x2099      	CALL       _Delay_1us
;__Lib_Lcd.c,157 :: 		
0x03BA	0x1288      	BCF        LCD_EN, BitPos(LCD_EN+0)
;__Lib_Lcd.c,159 :: 		
0x03BB	0x1408      	BSF        LCD_D4, BitPos(LCD_D4+0)
;__Lib_Lcd.c,160 :: 		
0x03BC	0x1688      	BSF        LCD_EN, BitPos(LCD_EN+0)
;__Lib_Lcd.c,161 :: 		
0x03BD	0x2099      	CALL       _Delay_1us
;__Lib_Lcd.c,162 :: 		
0x03BE	0x1288      	BCF        LCD_EN, BitPos(LCD_EN+0)
;__Lib_Lcd.c,163 :: 		
0x03BF	0x208E      	CALL       _Delay_5500us
;__Lib_Lcd.c,166 :: 		
0x03C0	0x1008      	BCF        LCD_D4, BitPos(LCD_D4+0)
;__Lib_Lcd.c,167 :: 		
0x03C1	0x1688      	BSF        LCD_EN, BitPos(LCD_EN+0)
;__Lib_Lcd.c,168 :: 		
0x03C2	0x2099      	CALL       _Delay_1us
;__Lib_Lcd.c,169 :: 		
0x03C3	0x1288      	BCF        LCD_EN, BitPos(LCD_EN+0)
;__Lib_Lcd.c,171 :: 		
0x03C4	0x1588      	BSF        LCD_D7, BitPos(LCD_D7+0)
;__Lib_Lcd.c,172 :: 		
0x03C5	0x1508      	BSF        LCD_D6, BitPos(LCD_D6+0)
;__Lib_Lcd.c,173 :: 		
0x03C6	0x1488      	BSF        LCD_D5, BitPos(LCD_D5+0)
;__Lib_Lcd.c,174 :: 		
0x03C7	0x1408      	BSF        LCD_D4, BitPos(LCD_D4+0)
;__Lib_Lcd.c,175 :: 		
0x03C8	0x1688      	BSF        LCD_EN, BitPos(LCD_EN+0)
;__Lib_Lcd.c,176 :: 		
0x03C9	0x2099      	CALL       _Delay_1us
;__Lib_Lcd.c,177 :: 		
0x03CA	0x1288      	BCF        LCD_EN, BitPos(LCD_EN+0)
;__Lib_Lcd.c,179 :: 		
0x03CB	0x208E      	CALL       _Delay_5500us
;__Lib_Lcd.c,181 :: 		
0x03CC	0x146F      	BSF        __Lib_Lcd_cmd_status, BitPos(__Lib_Lcd_cmd_status+0)
;__Lib_Lcd.c,182 :: 		
L_end_Lcd_Init:
0x03CD	0x0008      	RETURN
; end of _Lcd_Init
_clignoter:
;MyProject.c,28 :: 		void clignoter(){                                //2fois
;MyProject.c,29 :: 		for(i=0;i<2;i++){
0x03CE	0x1683      	BSF        STATUS, 5
0x03CF	0x1303      	BCF        STATUS, 6
0x03D0	0x01C8      	CLRF       _i
L_clignoter0:
0x03D1	0x3002      	MOVLW      2
0x03D2	0x0248      	SUBWF      _i, 0
0x03D3	0x1803      	BTFSC      STATUS, 0
0x03D4	0x2BF8      	GOTO       L_clignoter1
;MyProject.c,30 :: 		portb.rb1=1 ;
0x03D5	0x1283      	BCF        STATUS, 5
0x03D6	0x1486      	BSF        PORTB, 1
;MyProject.c,31 :: 		portb.rb2=1 ;
0x03D7	0x1506      	BSF        PORTB, 2
;MyProject.c,32 :: 		delay_ms(500);
0x03D8	0x3003      	MOVLW      3
0x03D9	0x00FB      	MOVWF      R11
0x03DA	0x308A      	MOVLW      138
0x03DB	0x00FC      	MOVWF      R12
0x03DC	0x3055      	MOVLW      85
0x03DD	0x00FD      	MOVWF      R13
L_clignoter3:
0x03DE	0x0BFD      	DECFSZ     R13, 1
0x03DF	0x2BDE      	GOTO       L_clignoter3
0x03E0	0x0BFC      	DECFSZ     R12, 1
0x03E1	0x2BDE      	GOTO       L_clignoter3
0x03E2	0x0BFB      	DECFSZ     R11, 1
0x03E3	0x2BDE      	GOTO       L_clignoter3
0x03E4	0x0000      	NOP
0x03E5	0x0000      	NOP
;MyProject.c,33 :: 		portb.rb1=0 ;
0x03E6	0x1086      	BCF        PORTB, 1
;MyProject.c,34 :: 		delay_ms(500);
0x03E7	0x3003      	MOVLW      3
0x03E8	0x00FB      	MOVWF      R11
0x03E9	0x308A      	MOVLW      138
0x03EA	0x00FC      	MOVWF      R12
0x03EB	0x3055      	MOVLW      85
0x03EC	0x00FD      	MOVWF      R13
L_clignoter4:
0x03ED	0x0BFD      	DECFSZ     R13, 1
0x03EE	0x2BED      	GOTO       L_clignoter4
0x03EF	0x0BFC      	DECFSZ     R12, 1
0x03F0	0x2BED      	GOTO       L_clignoter4
0x03F1	0x0BFB      	DECFSZ     R11, 1
0x03F2	0x2BED      	GOTO       L_clignoter4
0x03F3	0x0000      	NOP
0x03F4	0x0000      	NOP
;MyProject.c,29 :: 		for(i=0;i<2;i++){
0x03F5	0x1683      	BSF        STATUS, 5
0x03F6	0x0AC8      	INCF       _i, 1
;MyProject.c,35 :: 		}
0x03F7	0x2BD1      	GOTO       L_clignoter0
L_clignoter1:
;MyProject.c,36 :: 		portb.rb2=0 ;
0x03F8	0x1283      	BCF        STATUS, 5
0x03F9	0x1106      	BCF        PORTB, 2
;MyProject.c,38 :: 		}
L_end_clignoter:
0x03FA	0x0008      	RETURN
; end of _clignoter
_main:
0x03FB	0x25E8      	CALL       1512
;MyProject.c,84 :: 		void main(){
;MyProject.c,85 :: 		ADCON1=0x04;
0x03FC	0x3004      	MOVLW      4
0x03FD	0x1683      	BSF        STATUS, 5
0x03FE	0x1303      	BCF        STATUS, 6
0x03FF	0x009F      	MOVWF      ADCON1
;MyProject.c,86 :: 		Lcd_Init();                        // Initialize LCD
0x0400	0x2380      	CALL       _Lcd_Init
;MyProject.c,87 :: 		Lcd_Cmd(_LCD_CLEAR);               // Clear display
0x0401	0x3001      	MOVLW      1
0x0402	0x1683      	BSF        STATUS, 5
0x0403	0x00D1      	MOVWF      FARG_Lcd_Cmd_out_char
0x0404	0x209B      	CALL       _Lcd_Cmd
;MyProject.c,88 :: 		Lcd_Cmd(_LCD_CURSOR_OFF);          // Cursor off
0x0405	0x300C      	MOVLW      12
0x0406	0x1683      	BSF        STATUS, 5
0x0407	0x00D1      	MOVWF      FARG_Lcd_Cmd_out_char
0x0408	0x209B      	CALL       _Lcd_Cmd
;MyProject.c,90 :: 		intcon.GIE=1;   //global inetrrupt
0x0409	0x178B      	BSF        INTCON, 7
;MyProject.c,91 :: 		intcon.inte=1;  //inte=rb0
0x040A	0x160B      	BSF        INTCON, 4
;MyProject.c,92 :: 		intcon.rbie=1;
0x040B	0x158B      	BSF        INTCON, 3
;MyProject.c,93 :: 		intcon.T0IE=1;
0x040C	0x168B      	BSF        INTCON, 5
;MyProject.c,94 :: 		TMR0=0;
0x040D	0x0181      	CLRF       TMR0
;MyProject.c,95 :: 		option_reg = 0b00000111;
0x040E	0x3007      	MOVLW      7
0x040F	0x1683      	BSF        STATUS, 5
0x0410	0x0081      	MOVWF      OPTION_REG
;MyProject.c,96 :: 		NB=30;
0x0411	0x301E      	MOVLW      30
0x0412	0x00C1      	MOVWF      _NB
0x0413	0x3000      	MOVLW      0
0x0414	0x00C2      	MOVWF      _NB+1
;MyProject.c,97 :: 		option_reg.intedg=1;   //activer l'interruption sur front montant
0x0415	0x1701      	BSF        OPTION_REG, 6
;MyProject.c,99 :: 		trisb=0b00111001;
0x0416	0x3039      	MOVLW      57
0x0417	0x0086      	MOVWF      TRISB
;MyProject.c,100 :: 		trisc=0b00000000;
0x0418	0x0187      	CLRF       TRISC
;MyProject.c,101 :: 		trisc = 0;
0x0419	0x0187      	CLRF       TRISC
;MyProject.c,103 :: 		portb.rb1=0;
0x041A	0x1283      	BCF        STATUS, 5
0x041B	0x1086      	BCF        PORTB, 1
;MyProject.c,104 :: 		portb.rb2=0;
0x041C	0x1106      	BCF        PORTB, 2
;MyProject.c,105 :: 		portb.rb6=0;
0x041D	0x1306      	BCF        PORTB, 6
;MyProject.c,106 :: 		portb.rb7=0;
0x041E	0x1386      	BCF        PORTB, 7
;MyProject.c,107 :: 		portc = 0;
0x041F	0x0187      	CLRF       PORTC
;MyProject.c,108 :: 		Lcd_Cmd(_LCD_CLEAR);
0x0420	0x3001      	MOVLW      1
0x0421	0x1683      	BSF        STATUS, 5
0x0422	0x00D1      	MOVWF      FARG_Lcd_Cmd_out_char
0x0423	0x209B      	CALL       _Lcd_Cmd
;MyProject.c,109 :: 		delay_ms(100);
0x0424	0x3082      	MOVLW      130
0x0425	0x00FC      	MOVWF      R12
0x0426	0x30DD      	MOVLW      221
0x0427	0x00FD      	MOVWF      R13
L_main17:
0x0428	0x0BFD      	DECFSZ     R13, 1
0x0429	0x2C28      	GOTO       L_main17
0x042A	0x0BFC      	DECFSZ     R12, 1
0x042B	0x2C28      	GOTO       L_main17
0x042C	0x0000      	NOP
0x042D	0x0000      	NOP
;MyProject.c,110 :: 		Lcd_Out(1,1,txt1);
0x042E	0x3001      	MOVLW      1
0x042F	0x1683      	BSF        STATUS, 5
0x0430	0x00CC      	MOVWF      FARG_Lcd_Out_row
0x0431	0x3001      	MOVLW      1
0x0432	0x00CD      	MOVWF      FARG_Lcd_Out_column
0x0433	0x3025      	MOVLW      _txt1
0x0434	0x00CE      	MOVWF      FARG_Lcd_Out_text
0x0435	0x22C7      	CALL       _Lcd_Out
;MyProject.c,111 :: 		delay_ms(100);                 // Write text in first row
0x0436	0x3082      	MOVLW      130
0x0437	0x00FC      	MOVWF      R12
0x0438	0x30DD      	MOVLW      221
0x0439	0x00FD      	MOVWF      R13
L_main18:
0x043A	0x0BFD      	DECFSZ     R13, 1
0x043B	0x2C3A      	GOTO       L_main18
0x043C	0x0BFC      	DECFSZ     R12, 1
0x043D	0x2C3A      	GOTO       L_main18
0x043E	0x0000      	NOP
0x043F	0x0000      	NOP
;MyProject.c,112 :: 		Lcd_Out(2,1,txt3);               // Write text in second row
0x0440	0x3002      	MOVLW      2
0x0441	0x1683      	BSF        STATUS, 5
0x0442	0x00CC      	MOVWF      FARG_Lcd_Out_row
0x0443	0x3001      	MOVLW      1
0x0444	0x00CD      	MOVWF      FARG_Lcd_Out_column
0x0445	0x305C      	MOVLW      _txt3
0x0446	0x00CE      	MOVWF      FARG_Lcd_Out_text
0x0447	0x22C7      	CALL       _Lcd_Out
;MyProject.c,113 :: 		delay_ms(1000);
0x0448	0x3006      	MOVLW      6
0x0449	0x00FB      	MOVWF      R11
0x044A	0x3013      	MOVLW      19
0x044B	0x00FC      	MOVWF      R12
0x044C	0x30AD      	MOVLW      173
0x044D	0x00FD      	MOVWF      R13
L_main19:
0x044E	0x0BFD      	DECFSZ     R13, 1
0x044F	0x2C4E      	GOTO       L_main19
0x0450	0x0BFC      	DECFSZ     R12, 1
0x0451	0x2C4E      	GOTO       L_main19
0x0452	0x0BFB      	DECFSZ     R11, 1
0x0453	0x2C4E      	GOTO       L_main19
0x0454	0x0000      	NOP
0x0455	0x0000      	NOP
;MyProject.c,115 :: 		for(j = 0; j < 32; j++){
0x0456	0x1683      	BSF        STATUS, 5
0x0457	0x01C4      	CLRF       _j
L_main20:
0x0458	0x3020      	MOVLW      32
0x0459	0x0244      	SUBWF      _j, 0
0x045A	0x1803      	BTFSC      STATUS, 0
0x045B	0x2C71      	GOTO       L_main21
;MyProject.c,116 :: 		EEPROM_Write(0x10+j, MD[j]);
0x045C	0x0844      	MOVF       _j, 0
0x045D	0x3E10      	ADDLW      16
0x045E	0x00CC      	MOVWF      FARG_EEPROM_Write_Address
0x045F	0x0844      	MOVF       _j, 0
0x0460	0x3EA0      	ADDLW      _MD
0x0461	0x0084      	MOVWF      FSR
0x0462	0x0800      	MOVF       INDF, 0
0x0463	0x00CD      	MOVWF      FARG_EEPROM_Write_data_
0x0464	0x223B      	CALL       _EEPROM_Write
;MyProject.c,117 :: 		delay_ms(20);
0x0465	0x301A      	MOVLW      26
0x0466	0x00FC      	MOVWF      R12
0x0467	0x30F8      	MOVLW      248
0x0468	0x00FD      	MOVWF      R13
L_main23:
0x0469	0x0BFD      	DECFSZ     R13, 1
0x046A	0x2C69      	GOTO       L_main23
0x046B	0x0BFC      	DECFSZ     R12, 1
0x046C	0x2C69      	GOTO       L_main23
0x046D	0x0000      	NOP
;MyProject.c,115 :: 		for(j = 0; j < 32; j++){
0x046E	0x1303      	BCF        STATUS, 6
0x046F	0x0AC4      	INCF       _j, 1
;MyProject.c,118 :: 		}
0x0470	0x2C58      	GOTO       L_main20
L_main21:
;MyProject.c,120 :: 		while(1){
L_main24:
0x0471	0x1683      	BSF        STATUS, 5
;MyProject.c,121 :: 		t = ADC_Read(0);
0x0472	0x01CC      	CLRF       FARG_ADC_Read_channel
0x0473	0x2213      	CALL       _ADC_Read
0x0474	0x0870      	MOVF       R0, 0
0x0475	0x00C5      	MOVWF      _t
0x0476	0x0871      	MOVF       R0+1, 0
0x0477	0x00C6      	MOVWF      _t+1
;MyProject.c,122 :: 		t=t*0.4887;
0x0478	0x2194      	CALL       _int2double
0x0479	0x30E3      	MOVLW      227
0x047A	0x00F4      	MOVWF      R4
0x047B	0x3036      	MOVLW      54
0x047C	0x00F5      	MOVWF      R4+1
0x047D	0x307A      	MOVLW      122
0x047E	0x00F6      	MOVWF      R4+2
0x047F	0x307D      	MOVLW      125
0x0480	0x00F7      	MOVWF      R4+3
0x0481	0x21B2      	CALL       _Mul_32x32_FP
0x0482	0x225E      	CALL       _double2int
0x0483	0x0870      	MOVF       R0, 0
0x0484	0x1683      	BSF        STATUS, 5
0x0485	0x00CA      	MOVWF      FLOC__main
0x0486	0x0871      	MOVF       R0+1, 0
0x0487	0x00CB      	MOVWF      FLOC__main+1
0x0488	0x084A      	MOVF       FLOC__main, 0
0x0489	0x00C5      	MOVWF      _t
0x048A	0x084B      	MOVF       FLOC__main+1, 0
0x048B	0x00C6      	MOVWF      _t+1
;MyProject.c,123 :: 		temperature = t%10;
0x048C	0x300A      	MOVLW      10
0x048D	0x00F4      	MOVWF      R4
0x048E	0x3000      	MOVLW      0
0x048F	0x00F5      	MOVWF      R4+1
0x0490	0x084A      	MOVF       FLOC__main, 0
0x0491	0x00F0      	MOVWF      R0
0x0492	0x084B      	MOVF       FLOC__main+1, 0
0x0493	0x00F1      	MOVWF      R0+1
0x0494	0x2317      	CALL       _Div_16x16_S
0x0495	0x0878      	MOVF       R8, 0
0x0496	0x00F0      	MOVWF      R0
0x0497	0x0879      	MOVF       R8+1, 0
0x0498	0x00F1      	MOVWF      R0+1
0x0499	0x0870      	MOVF       R0, 0
0x049A	0x1683      	BSF        STATUS, 5
0x049B	0x00C3      	MOVWF      _temperature
;MyProject.c,124 :: 		lcd[2] = temperature + '0';
0x049C	0x3030      	MOVLW      48
0x049D	0x0770      	ADDWF      R0, 0
0x049E	0x1283      	BCF        STATUS, 5
0x049F	0x00CB      	MOVWF      _lcd+2
;MyProject.c,126 :: 		t=t/10;
0x04A0	0x300A      	MOVLW      10
0x04A1	0x00F4      	MOVWF      R4
0x04A2	0x3000      	MOVLW      0
0x04A3	0x00F5      	MOVWF      R4+1
0x04A4	0x1683      	BSF        STATUS, 5
0x04A5	0x084A      	MOVF       FLOC__main, 0
0x04A6	0x00F0      	MOVWF      R0
0x04A7	0x084B      	MOVF       FLOC__main+1, 0
0x04A8	0x00F1      	MOVWF      R0+1
0x04A9	0x2317      	CALL       _Div_16x16_S
0x04AA	0x0870      	MOVF       R0, 0
0x04AB	0x1683      	BSF        STATUS, 5
0x04AC	0x00CA      	MOVWF      FLOC__main
0x04AD	0x0871      	MOVF       R0+1, 0
0x04AE	0x00CB      	MOVWF      FLOC__main+1
0x04AF	0x084A      	MOVF       FLOC__main, 0
0x04B0	0x00C5      	MOVWF      _t
0x04B1	0x084B      	MOVF       FLOC__main+1, 0
0x04B2	0x00C6      	MOVWF      _t+1
;MyProject.c,127 :: 		temperature=t%10;
0x04B3	0x300A      	MOVLW      10
0x04B4	0x00F4      	MOVWF      R4
0x04B5	0x3000      	MOVLW      0
0x04B6	0x00F5      	MOVWF      R4+1
0x04B7	0x084A      	MOVF       FLOC__main, 0
0x04B8	0x00F0      	MOVWF      R0
0x04B9	0x084B      	MOVF       FLOC__main+1, 0
0x04BA	0x00F1      	MOVWF      R0+1
0x04BB	0x2317      	CALL       _Div_16x16_S
0x04BC	0x0878      	MOVF       R8, 0
0x04BD	0x00F0      	MOVWF      R0
0x04BE	0x0879      	MOVF       R8+1, 0
0x04BF	0x00F1      	MOVWF      R0+1
0x04C0	0x0870      	MOVF       R0, 0
0x04C1	0x1683      	BSF        STATUS, 5
0x04C2	0x00C3      	MOVWF      _temperature
;MyProject.c,128 :: 		lcd[1] = temperature + '0';
0x04C3	0x3030      	MOVLW      48
0x04C4	0x0770      	ADDWF      R0, 0
0x04C5	0x1283      	BCF        STATUS, 5
0x04C6	0x00CA      	MOVWF      _lcd+1
;MyProject.c,130 :: 		t=t/10;
0x04C7	0x300A      	MOVLW      10
0x04C8	0x00F4      	MOVWF      R4
0x04C9	0x3000      	MOVLW      0
0x04CA	0x00F5      	MOVWF      R4+1
0x04CB	0x1683      	BSF        STATUS, 5
0x04CC	0x084A      	MOVF       FLOC__main, 0
0x04CD	0x00F0      	MOVWF      R0
0x04CE	0x084B      	MOVF       FLOC__main+1, 0
0x04CF	0x00F1      	MOVWF      R0+1
0x04D0	0x2317      	CALL       _Div_16x16_S
0x04D1	0x0870      	MOVF       R0, 0
0x04D2	0x1683      	BSF        STATUS, 5
0x04D3	0x00C5      	MOVWF      _t
0x04D4	0x0871      	MOVF       R0+1, 0
0x04D5	0x00C6      	MOVWF      _t+1
;MyProject.c,131 :: 		temperature=t%10;
0x04D6	0x300A      	MOVLW      10
0x04D7	0x00F4      	MOVWF      R4
0x04D8	0x3000      	MOVLW      0
0x04D9	0x00F5      	MOVWF      R4+1
0x04DA	0x2317      	CALL       _Div_16x16_S
0x04DB	0x0878      	MOVF       R8, 0
0x04DC	0x00F0      	MOVWF      R0
0x04DD	0x0879      	MOVF       R8+1, 0
0x04DE	0x00F1      	MOVWF      R0+1
0x04DF	0x0870      	MOVF       R0, 0
0x04E0	0x1683      	BSF        STATUS, 5
0x04E1	0x00C3      	MOVWF      _temperature
;MyProject.c,132 :: 		lcd[0] = temperature + '0';
0x04E2	0x3030      	MOVLW      48
0x04E3	0x0770      	ADDWF      R0, 0
0x04E4	0x1283      	BCF        STATUS, 5
0x04E5	0x00C9      	MOVWF      _lcd
;MyProject.c,133 :: 		delay_ms(100);
0x04E6	0x3082      	MOVLW      130
0x04E7	0x00FC      	MOVWF      R12
0x04E8	0x30DD      	MOVLW      221
0x04E9	0x00FD      	MOVWF      R13
L_main26:
0x04EA	0x0BFD      	DECFSZ     R13, 1
0x04EB	0x2CEA      	GOTO       L_main26
0x04EC	0x0BFC      	DECFSZ     R12, 1
0x04ED	0x2CEA      	GOTO       L_main26
0x04EE	0x0000      	NOP
0x04EF	0x0000      	NOP
;MyProject.c,134 :: 		Lcd_Cmd(_LCD_CLEAR);                 // Clear display
0x04F0	0x3001      	MOVLW      1
0x04F1	0x1683      	BSF        STATUS, 5
0x04F2	0x00D1      	MOVWF      FARG_Lcd_Cmd_out_char
0x04F3	0x209B      	CALL       _Lcd_Cmd
;MyProject.c,135 :: 		Lcd_out(1,1, txt2);
0x04F4	0x3001      	MOVLW      1
0x04F5	0x1683      	BSF        STATUS, 5
0x04F6	0x00CC      	MOVWF      FARG_Lcd_Out_row
0x04F7	0x3001      	MOVLW      1
0x04F8	0x00CD      	MOVWF      FARG_Lcd_Out_column
0x04F9	0x3036      	MOVLW      _txt2
0x04FA	0x00CE      	MOVWF      FARG_Lcd_Out_text
0x04FB	0x22C7      	CALL       _Lcd_Out
;MyProject.c,136 :: 		delay_ms(20);
0x04FC	0x301A      	MOVLW      26
0x04FD	0x00FC      	MOVWF      R12
0x04FE	0x30F8      	MOVLW      248
0x04FF	0x00FD      	MOVWF      R13
L_main27:
0x0500	0x0BFD      	DECFSZ     R13, 1
0x0501	0x2D00      	GOTO       L_main27
0x0502	0x0BFC      	DECFSZ     R12, 1
0x0503	0x2D00      	GOTO       L_main27
0x0504	0x0000      	NOP
;MyProject.c,137 :: 		Lcd_Out(2,1,lcd);
0x0505	0x3002      	MOVLW      2
0x0506	0x1683      	BSF        STATUS, 5
0x0507	0x00CC      	MOVWF      FARG_Lcd_Out_row
0x0508	0x3001      	MOVLW      1
0x0509	0x00CD      	MOVWF      FARG_Lcd_Out_column
0x050A	0x3049      	MOVLW      _lcd
0x050B	0x00CE      	MOVWF      FARG_Lcd_Out_text
0x050C	0x22C7      	CALL       _Lcd_Out
;MyProject.c,138 :: 		Delay_ms(1000);
0x050D	0x3006      	MOVLW      6
0x050E	0x00FB      	MOVWF      R11
0x050F	0x3013      	MOVLW      19
0x0510	0x00FC      	MOVWF      R12
0x0511	0x30AD      	MOVLW      173
0x0512	0x00FD      	MOVWF      R13
L_main28:
0x0513	0x0BFD      	DECFSZ     R13, 1
0x0514	0x2D13      	GOTO       L_main28
0x0515	0x0BFC      	DECFSZ     R12, 1
0x0516	0x2D13      	GOTO       L_main28
0x0517	0x0BFB      	DECFSZ     R11, 1
0x0518	0x2D13      	GOTO       L_main28
0x0519	0x0000      	NOP
0x051A	0x0000      	NOP
;MyProject.c,139 :: 		for(j = 0; j < 16; j++){
0x051B	0x1683      	BSF        STATUS, 5
0x051C	0x01C4      	CLRF       _j
L_main29:
0x051D	0x3010      	MOVLW      16
0x051E	0x0244      	SUBWF      _j, 0
0x051F	0x1803      	BTFSC      STATUS, 0
0x0520	0x2D39      	GOTO       L_main30
;MyProject.c,140 :: 		array[j] = EEPROM_Read(0x10+j);
0x0521	0x0844      	MOVF       _j, 0
0x0522	0x3E5A      	ADDLW      _array
0x0523	0x00CA      	MOVWF      FLOC__main
0x0524	0x0844      	MOVF       _j, 0
0x0525	0x3E10      	ADDLW      16
0x0526	0x00CC      	MOVWF      FARG_EEPROM_Read_Address
0x0527	0x230A      	CALL       _EEPROM_Read
0x0528	0x1683      	BSF        STATUS, 5
0x0529	0x1303      	BCF        STATUS, 6
0x052A	0x084A      	MOVF       FLOC__main, 0
0x052B	0x0084      	MOVWF      FSR
0x052C	0x0870      	MOVF       R0, 0
0x052D	0x0080      	MOVWF      INDF
;MyProject.c,141 :: 		delay_ms(20);
0x052E	0x301A      	MOVLW      26
0x052F	0x00FC      	MOVWF      R12
0x0530	0x30F8      	MOVLW      248
0x0531	0x00FD      	MOVWF      R13
L_main32:
0x0532	0x0BFD      	DECFSZ     R13, 1
0x0533	0x2D32      	GOTO       L_main32
0x0534	0x0BFC      	DECFSZ     R12, 1
0x0535	0x2D32      	GOTO       L_main32
0x0536	0x0000      	NOP
;MyProject.c,139 :: 		for(j = 0; j < 16; j++){
0x0537	0x0AC4      	INCF       _j, 1
;MyProject.c,142 :: 		}
0x0538	0x2D1D      	GOTO       L_main29
L_main30:
;MyProject.c,143 :: 		Lcd_Cmd(_LCD_CLEAR);
0x0539	0x3001      	MOVLW      1
0x053A	0x00D1      	MOVWF      FARG_Lcd_Cmd_out_char
0x053B	0x209B      	CALL       _Lcd_Cmd
;MyProject.c,144 :: 		Lcd_Out(1,1,array);
0x053C	0x3001      	MOVLW      1
0x053D	0x1683      	BSF        STATUS, 5
0x053E	0x00CC      	MOVWF      FARG_Lcd_Out_row
0x053F	0x3001      	MOVLW      1
0x0540	0x00CD      	MOVWF      FARG_Lcd_Out_column
0x0541	0x305A      	MOVLW      _array
0x0542	0x00CE      	MOVWF      FARG_Lcd_Out_text
0x0543	0x22C7      	CALL       _Lcd_Out
;MyProject.c,145 :: 		for(j = 0; j < 16; j++){
0x0544	0x1683      	BSF        STATUS, 5
0x0545	0x01C4      	CLRF       _j
L_main33:
0x0546	0x3010      	MOVLW      16
0x0547	0x0244      	SUBWF      _j, 0
0x0548	0x1803      	BTFSC      STATUS, 0
0x0549	0x2D62      	GOTO       L_main34
;MyProject.c,146 :: 		array[j] = EEPROM_Read(0x20+j);
0x054A	0x0844      	MOVF       _j, 0
0x054B	0x3E5A      	ADDLW      _array
0x054C	0x00CA      	MOVWF      FLOC__main
0x054D	0x0844      	MOVF       _j, 0
0x054E	0x3E20      	ADDLW      32
0x054F	0x00CC      	MOVWF      FARG_EEPROM_Read_Address
0x0550	0x230A      	CALL       _EEPROM_Read
0x0551	0x1683      	BSF        STATUS, 5
0x0552	0x1303      	BCF        STATUS, 6
0x0553	0x084A      	MOVF       FLOC__main, 0
0x0554	0x0084      	MOVWF      FSR
0x0555	0x0870      	MOVF       R0, 0
0x0556	0x0080      	MOVWF      INDF
;MyProject.c,147 :: 		delay_ms(20);
0x0557	0x301A      	MOVLW      26
0x0558	0x00FC      	MOVWF      R12
0x0559	0x30F8      	MOVLW      248
0x055A	0x00FD      	MOVWF      R13
L_main36:
0x055B	0x0BFD      	DECFSZ     R13, 1
0x055C	0x2D5B      	GOTO       L_main36
0x055D	0x0BFC      	DECFSZ     R12, 1
0x055E	0x2D5B      	GOTO       L_main36
0x055F	0x0000      	NOP
;MyProject.c,145 :: 		for(j = 0; j < 16; j++){
0x0560	0x0AC4      	INCF       _j, 1
;MyProject.c,148 :: 		}
0x0561	0x2D46      	GOTO       L_main33
L_main34:
;MyProject.c,149 :: 		Lcd_Out(2,1,array);
0x0562	0x3002      	MOVLW      2
0x0563	0x00CC      	MOVWF      FARG_Lcd_Out_row
0x0564	0x3001      	MOVLW      1
0x0565	0x00CD      	MOVWF      FARG_Lcd_Out_column
0x0566	0x305A      	MOVLW      _array
0x0567	0x00CE      	MOVWF      FARG_Lcd_Out_text
0x0568	0x22C7      	CALL       _Lcd_Out
;MyProject.c,150 :: 		delay_ms(1000);
0x0569	0x3006      	MOVLW      6
0x056A	0x00FB      	MOVWF      R11
0x056B	0x3013      	MOVLW      19
0x056C	0x00FC      	MOVWF      R12
0x056D	0x30AD      	MOVLW      173
0x056E	0x00FD      	MOVWF      R13
L_main37:
0x056F	0x0BFD      	DECFSZ     R13, 1
0x0570	0x2D6F      	GOTO       L_main37
0x0571	0x0BFC      	DECFSZ     R12, 1
0x0572	0x2D6F      	GOTO       L_main37
0x0573	0x0BFB      	DECFSZ     R11, 1
0x0574	0x2D6F      	GOTO       L_main37
0x0575	0x0000      	NOP
0x0576	0x0000      	NOP
;MyProject.c,152 :: 		}
0x0577	0x2C71      	GOTO       L_main24
;MyProject.c,153 :: 		}
L_end_main:
0x0578	0x2D78      	GOTO       $+0
; end of _main
0x05E8	0x3025      	MOVLW      37
0x05E9	0x0084      	MOVWF      FSR
0x05EA	0x3048      	MOVLW      72
0x05EB	0x1283      	BCF        STATUS, 5
0x05EC	0x1303      	BCF        STATUS, 6
0x05ED	0x00F0      	MOVWF      R0
0x05EE	0x307E      	MOVLW      126
0x05EF	0x00ED      	MOVWF      ___DoICPAddr
0x05F0	0x3005      	MOVLW      5
0x05F1	0x00EE      	MOVWF      110
0x05F2	0x22BB      	CALL       699
0x05F3	0x30A0      	MOVLW      160
0x05F4	0x0084      	MOVWF      FSR
0x05F5	0x3021      	MOVLW      33
0x05F6	0x1283      	BCF        STATUS, 5
0x05F7	0x1303      	BCF        STATUS, 6
0x05F8	0x00F0      	MOVWF      R0
0x05F9	0x30C6      	MOVLW      198
0x05FA	0x00ED      	MOVWF      ___DoICPAddr
0x05FB	0x3005      	MOVLW      5
0x05FC	0x00EE      	MOVWF      110
0x05FD	0x22BB      	CALL       699
0x05FE	0x0008      	RETURN
;MyProject.c,0 :: ?ICS_txt1
0x057E	0x3457 ;?ICS_txt1+0
0x057F	0x346F ;?ICS_txt1+1
0x0580	0x3472 ;?ICS_txt1+2
0x0581	0x346B ;?ICS_txt1+3
0x0582	0x3465 ;?ICS_txt1+4
0x0583	0x3464 ;?ICS_txt1+5
0x0584	0x3420 ;?ICS_txt1+6
0x0585	0x3420 ;?ICS_txt1+7
0x0586	0x3420 ;?ICS_txt1+8
0x0587	0x3420 ;?ICS_txt1+9
0x0588	0x3420 ;?ICS_txt1+10
0x0589	0x3420 ;?ICS_txt1+11
0x058A	0x3420 ;?ICS_txt1+12
0x058B	0x3420 ;?ICS_txt1+13
0x058C	0x3420 ;?ICS_txt1+14
0x058D	0x3420 ;?ICS_txt1+15
0x058E	0x3400 ;?ICS_txt1+16
; end of ?ICS_txt1
;MyProject.c,0 :: ?ICS_txt2
0x058F	0x3454 ;?ICS_txt2+0
0x0590	0x3465 ;?ICS_txt2+1
0x0591	0x346D ;?ICS_txt2+2
0x0592	0x3470 ;?ICS_txt2+3
0x0593	0x3465 ;?ICS_txt2+4
0x0594	0x3472 ;?ICS_txt2+5
0x0595	0x3461 ;?ICS_txt2+6
0x0596	0x3474 ;?ICS_txt2+7
0x0597	0x3475 ;?ICS_txt2+8
0x0598	0x3472 ;?ICS_txt2+9
0x0599	0x3465 ;?ICS_txt2+10
0x059A	0x3420 ;?ICS_txt2+11
0x059B	0x3420 ;?ICS_txt2+12
0x059C	0x3420 ;?ICS_txt2+13
0x059D	0x3420 ;?ICS_txt2+14
0x059E	0x3420 ;?ICS_txt2+15
0x059F	0x3420 ;?ICS_txt2+16
0x05A0	0x3420 ;?ICS_txt2+17
0x05A1	0x3400 ;?ICS_txt2+18
; end of ?ICS_txt2
;MyProject.c,0 :: ?ICS_lcd
0x05A2	0x3430 ;?ICS_lcd+0
0x05A3	0x3430 ;?ICS_lcd+1
0x05A4	0x3430 ;?ICS_lcd+2
0x05A5	0x3420 ;?ICS_lcd+3
0x05A6	0x3444 ;?ICS_lcd+4
0x05A7	0x3465 ;?ICS_lcd+5
0x05A8	0x3467 ;?ICS_lcd+6
0x05A9	0x3472 ;?ICS_lcd+7
0x05AA	0x3465 ;?ICS_lcd+8
0x05AB	0x3465 ;?ICS_lcd+9
0x05AC	0x3420 ;?ICS_lcd+10
0x05AD	0x3420 ;?ICS_lcd+11
0x05AE	0x3420 ;?ICS_lcd+12
0x05AF	0x3420 ;?ICS_lcd+13
0x05B0	0x3420 ;?ICS_lcd+14
0x05B1	0x3420 ;?ICS_lcd+15
0x05B2	0x3400 ;?ICS_lcd+16
; end of ?ICS_lcd
;MyProject.c,0 :: ?ICS_array
0x05B3	0x3400 ;?ICS_array+0
; end of ?ICS_array
;__Lib_ADC_A_C.c,0 :: ?ICS_vref_mask
0x05B4	0x340F ;?ICS_vref_mask+0
; end of ?ICS_vref_mask
;MyProject.c,0 :: ?ICS_txt3
0x05B5	0x3473 ;?ICS_txt3+0
0x05B6	0x3475 ;?ICS_txt3+1
0x05B7	0x3463 ;?ICS_txt3+2
0x05B8	0x3463 ;?ICS_txt3+3
0x05B9	0x3465 ;?ICS_txt3+4
0x05BA	0x3473 ;?ICS_txt3+5
0x05BB	0x3473 ;?ICS_txt3+6
0x05BC	0x3466 ;?ICS_txt3+7
0x05BD	0x3475 ;?ICS_txt3+8
0x05BE	0x346C ;?ICS_txt3+9
0x05BF	0x346C ;?ICS_txt3+10
0x05C0	0x3479 ;?ICS_txt3+11
0x05C1	0x3420 ;?ICS_txt3+12
0x05C2	0x3420 ;?ICS_txt3+13
0x05C3	0x3420 ;?ICS_txt3+14
0x05C4	0x3420 ;?ICS_txt3+15
0x05C5	0x3400 ;?ICS_txt3+16
; end of ?ICS_txt3
;MyProject.c,0 :: ?ICS_MD
0x05C6	0x3445 ;?ICS_MD+0
0x05C7	0x3462 ;?ICS_MD+1
0x05C8	0x3469 ;?ICS_MD+2
0x05C9	0x3478 ;?ICS_MD+3
0x05CA	0x3461 ;?ICS_MD+4
0x05CB	0x3420 ;?ICS_MD+5
0x05CC	0x3431 ;?ICS_MD+6
0x05CD	0x3430 ;?ICS_MD+7
0x05CE	0x346D ;?ICS_MD+8
0x05CF	0x3467 ;?ICS_MD+9
0x05D0	0x3420 ;?ICS_MD+10
0x05D1	0x3432 ;?ICS_MD+11
0x05D2	0x342F ;?ICS_MD+12
0x05D3	0x344A ;?ICS_MD+13
0x05D4	0x3420 ;?ICS_MD+14
0x05D5	0x3420 ;?ICS_MD+15
0x05D6	0x3441 ;?ICS_MD+16
0x05D7	0x3472 ;?ICS_MD+17
0x05D8	0x3469 ;?ICS_MD+18
0x05D9	0x3463 ;?ICS_MD+19
0x05DA	0x3465 ;?ICS_MD+20
0x05DB	0x3470 ;?ICS_MD+21
0x05DC	0x3474 ;?ICS_MD+22
0x05DD	0x3420 ;?ICS_MD+23
0x05DE	0x3431 ;?ICS_MD+24
0x05DF	0x3430 ;?ICS_MD+25
0x05E0	0x346D ;?ICS_MD+26
0x05E1	0x3467 ;?ICS_MD+27
0x05E2	0x3420 ;?ICS_MD+28
0x05E3	0x3433 ;?ICS_MD+29
0x05E4	0x342F ;?ICS_MD+30
0x05E5	0x344A ;?ICS_MD+31
0x05E6	0x3400 ;?ICS_MD+32
; end of ?ICS_MD
Symbol List:
//** Routines locations **
//ADDRESS    SIZE    PROCEDURE
//----------------------------------------------
0x0004     [130]    _interrupt
0x0086       [8]    _Delay_50us
0x008E      [11]    _Delay_5500us
0x0099       [2]    _Delay_1us
0x009B      [87]    _Lcd_Cmd
0x00F2       [7]    _RES032
0x00F9      [12]    _SETFUN32
0x0105       [4]    _FIXSIGN32
0x0109      [44]    _Div_16x16_S_L
0x0135       [7]    _____DoICP
0x013C       [7]    _Delay_22us
0x0143      [12]    _SETFOV32
0x014F      [47]    _NRM3232
0x017E       [9]    _Lcd_Chr_CP
0x0187      [13]    _SETIOV3224
0x0194      [30]    _int2double
0x01B2      [97]    _Mul_32x32_FP
0x0213      [40]    _ADC_Read
0x023B      [35]    _EEPROM_Write
0x025E      [93]    _double2int
0x02BB      [12]    ___CC2DW
0x02C7      [67]    _Lcd_Out
0x030A      [13]    _EEPROM_Read
0x0317     [105]    _Div_16x16_S
0x0380      [78]    _Lcd_Init
0x03CE      [45]    _clignoter
0x03FB     [381]    _main
//** Variables locations ** 
//ADDRESS    SIZE    VARIABLE
//----------------------------------------------
0x0000       [1]    INDF
0x0001       [1]    TMR0
0x0002       [1]    PCL
0x0003       [1]    STATUS
0x0004       [1]    FSR
0x0005       [1]    PORTA
0x0006       [1]    PORTB
0x0007       [1]    PORTC
0x0008       [0]    RD1_bit
0x0008       [0]    LCD_D4
0x0008       [0]    RD2_bit
0x0008       [0]    RD0_bit
0x0008       [0]    LCD_RS
0x0008       [0]    LCD_EN
0x0008       [0]    RD3_bit
0x0008       [0]    LCD_D7
0x0008       [0]    RD5_bit
0x0008       [0]    RD4_bit
0x0008       [0]    LCD_D5
0x0008       [0]    LCD_D6
0x000A       [1]    PCLATH
0x000B       [1]    INTCON
0x001E       [1]    ADRESH
0x001F       [1]    ADCON0
0x0020       [1]    __math_tempbD
0x0025      [17]    _txt1
0x0036      [19]    _txt2
0x0049      [17]    _lcd
0x005A       [1]    _array
0x005B       [1]    _vref_mask
0x005C      [17]    _txt3
0x006D       [2]    ___DoICPAddr
0x006F       [0]    __Lib_Lcd_cmd_status
0x0070       [1]    R0
0x0071       [1]    R1
0x0072       [1]    R2
0x0073       [1]    R3
0x0074       [1]    R4
0x0075       [1]    R5
0x0076       [1]    R6
0x0077       [1]    R7
0x0078       [1]    R8
0x0079       [1]    R9
0x007A       [1]    R10
0x007B       [1]    R11
0x007C       [1]    R12
0x007D       [1]    R13
0x007E       [1]    R14
0x007F       [1]    R15
0x0081       [1]    OPTION_REG
0x0086       [1]    TRISB
0x0087       [1]    TRISC
0x0088       [0]    TRISD1_bit
0x0088       [0]    TRISD0_bit
0x0088       [0]    TRISD2_bit
0x0088       [0]    LCD_D6_Direction
0x0088       [0]    LCD_EN_Direction
0x0088       [0]    LCD_D4_Direction
0x0088       [0]    LCD_D5_Direction
0x0088       [0]    LCD_RS_Direction
0x0088       [0]    TRISD5_bit
0x0088       [0]    LCD_D7_Direction
0x0088       [0]    TRISD3_bit
0x0088       [0]    TRISD4_bit
0x009E       [1]    ADRESL
0x009F       [1]    ADCON1
0x00A0      [33]    _MD
0x00C1       [2]    _NB
0x00C3       [1]    _temperature
0x00C4       [1]    _j
0x00C5       [2]    _t
0x00C7       [1]    ___savePCLATH
0x00C8       [1]    _i
0x00C9       [1]    ___saveSTATUS
0x00CA       [2]    FLOC__main
0x00CC       [1]    FARG_ADC_Read_channel
0x00CC       [1]    FARG_EEPROM_Write_Address
0x00CC       [1]    FARG_Lcd_Out_row
0x00CC       [1]    FARG_EEPROM_Read_Address
0x00CD       [1]    FARG_EEPROM_Write_data_
0x00CD       [1]    FARG_Lcd_Out_column
0x00CE       [1]    FARG_Lcd_Out_text
0x00CF       [1]    Lcd_Out_i_L0
0x00D0       [1]    FARG_Lcd_Chr_CP_out_char
0x00D1       [1]    FARG_Lcd_Cmd_out_char
0x010C       [1]    EEDATA
0x010D       [1]    EEADR
0x018C       [1]    EECON1
0x018D       [1]    EECON2
//** Constants locations ** 
//ADDRESS    SIZE    CONSTANT
//----------------------------------------------
0x057E      [17]    ?ICS_txt1
0x058F      [19]    ?ICS_txt2
0x05A2      [17]    ?ICS_lcd
0x05B3       [1]    ?ICS_array
0x05B4       [1]    ?ICS_vref_mask
0x05B5      [17]    ?ICS_txt3
0x05C6      [33]    ?ICS_MD
